Using pre-set license
Built from '2021.3/china_unity/release' branch; Version is '2021.3.6f1c1 (07401303b748) revision 475155'; Using compiler version '192829333'; Build Type 'Release'
OS: 'Windows 11  (10.0.22621) 64bit CoreCountrySpecific' Language: 'zh' Physical Memory: 16151 MB
BatchMode: 1, IsHumanControllingUs: 0, StartBugReporterOnCrash: 0, Is64bit: 1, IsPro: 1

COMMAND LINE ARGUMENTS:
D:\GameDevelopmentTools\Unity\Unity 2021.3.6f1c1\Editor\Unity.exe
-adb2
-batchMode
-noUpm
-name
AssetImportWorker2
-projectPath
D:/CUSGA_Branch/New
-logFile
Logs/AssetImportWorker2.log
-srvPort
1969
Successfully changed project path to: D:/CUSGA_Branch/New
D:/CUSGA_Branch/New
[UnityMemory] Configuration Parameters - Can be set up in boot.config
    "memorysetup-bucket-allocator-granularity=16"
    "memorysetup-bucket-allocator-bucket-count=8"
    "memorysetup-bucket-allocator-block-size=33554432"
    "memorysetup-bucket-allocator-block-count=8"
    "memorysetup-main-allocator-block-size=16777216"
    "memorysetup-thread-allocator-block-size=16777216"
    "memorysetup-gfx-main-allocator-block-size=16777216"
    "memorysetup-gfx-thread-allocator-block-size=16777216"
    "memorysetup-cache-allocator-block-size=4194304"
    "memorysetup-typetree-allocator-block-size=2097152"
    "memorysetup-profiler-bucket-allocator-granularity=16"
    "memorysetup-profiler-bucket-allocator-bucket-count=8"
    "memorysetup-profiler-bucket-allocator-block-size=33554432"
    "memorysetup-profiler-bucket-allocator-block-count=8"
    "memorysetup-profiler-allocator-block-size=16777216"
    "memorysetup-profiler-editor-allocator-block-size=1048576"
    "memorysetup-temp-allocator-size-main=16777216"
    "memorysetup-job-temp-allocator-block-size=2097152"
    "memorysetup-job-temp-allocator-block-size-background=1048576"
    "memorysetup-job-temp-allocator-reduction-small-platforms=262144"
    "memorysetup-temp-allocator-size-background-worker=32768"
    "memorysetup-temp-allocator-size-job-worker=262144"
    "memorysetup-temp-allocator-size-preload-manager=33554432"
    "memorysetup-temp-allocator-size-nav-mesh-worker=65536"
    "memorysetup-temp-allocator-size-audio-worker=65536"
    "memorysetup-temp-allocator-size-cloud-worker=32768"
    "memorysetup-temp-allocator-size-gi-baking-worker=262144"
    "memorysetup-temp-allocator-size-gfx=262144"
AS: AutoStreaming module initializing.
Refreshing native plugins compatible for Editor in 104.73 ms, found 4 plugins.
Preloading 0 native plugins for Editor in 0.00 ms.
Initialize engine version: 2021.3.6f1c1 (07401303b748)
[Subsystems] Discovering subsystems at path D:/GameDevelopmentTools/Unity/Unity 2021.3.6f1c1/Editor/Data/Resources/UnitySubsystems
[Subsystems] Discovering subsystems at path D:/CUSGA_Branch/New/Assets
GfxDevice: creating device client; threaded=0; jobified=0
Direct3D:
    Version:  Direct3D 11.0 [level 11.1]
    Renderer: NVIDIA GeForce RTX 3050 Ti Laptop GPU (ID=0x25e0)
    Vendor:   NVIDIA
    VRAM:     3990 MB
    Driver:   30.0.15.1236
Initialize mono
Mono path[0] = 'D:/GameDevelopmentTools/Unity/Unity 2021.3.6f1c1/Editor/Data/Managed'
Mono path[1] = 'D:/GameDevelopmentTools/Unity/Unity 2021.3.6f1c1/Editor/Data/MonoBleedingEdge/lib/mono/unityjit-win32'
Mono config path = 'D:/GameDevelopmentTools/Unity/Unity 2021.3.6f1c1/Editor/Data/MonoBleedingEdge/etc'
Using monoOptions --debugger-agent=transport=dt_socket,embedding=1,server=y,suspend=n,address=127.0.0.1:56248
Begin MonoManager ReloadAssembly
Registering precompiled unity dll's ...
Register platform support module: D:/GameDevelopmentTools/Unity/Unity 2021.3.6f1c1/Editor/Data/PlaybackEngines/WindowsStandaloneSupport/UnityEditor.WindowsStandalone.Extensions.dll
Registered in 0.004841 seconds.
Native extension for WindowsStandalone target not found
Refreshing native plugins compatible for Editor in 104.72 ms, found 4 plugins.
Preloading 0 native plugins for Editor in 0.00 ms.
Mono: successfully reloaded assembly
- Completed reload, in  0.629 seconds
Domain Reload Profiling:
	ReloadAssembly (630ms)
		BeginReloadAssembly (113ms)
			ExecutionOrderSort (0ms)
			DisableScriptedObjects (0ms)
			BackupInstance (0ms)
			ReleaseScriptingObjects (0ms)
			CreateAndSetChildDomain (1ms)
		EndReloadAssembly (410ms)
			LoadAssemblies (106ms)
			RebuildTransferFunctionScriptingTraits (0ms)
			SetupTypeCache (83ms)
			ReleaseScriptCaches (0ms)
			RebuildScriptCaches (22ms)
			SetupLoadedEditorAssemblies (250ms)
				LogAssemblyErrors (0ms)
				InitializePlatformSupportModulesInManaged (5ms)
				SetLoadedEditorAssemblies (0ms)
				RefreshPlugins (105ms)
				BeforeProcessingInitializeOnLoad (1ms)
				ProcessInitializeOnLoadAttributes (97ms)
				ProcessInitializeOnLoadMethodAttributes (42ms)
				AfterProcessingInitializeOnLoad (0ms)
				EditorAssembliesLoaded (0ms)
			ExecutionOrderSort2 (0ms)
			AwakeInstancesAfterBackupRestoration (0ms)
Platform modules already initialized, skipping
Registering precompiled user dll's ...
Registered in 0.019442 seconds.
Begin MonoManager ReloadAssembly
Symbol file LoadedFromMemory doesn't match image D:\CUSGA_Branch\New\Library\PackageCache\com.unity.visualscripting@1.7.8\Editor\VisualScripting.Core\Dependencies\YamlDotNet\Unity.VisualScripting.YamlDotNet.dll
Symbol file LoadedFromMemory doesn't match image D:\CUSGA_Branch\New\Library\PackageCache\com.unity.visualscripting@1.7.8\Editor\VisualScripting.Core\Dependencies\DotNetZip\Unity.VisualScripting.IonicZip.dll
Native extension for WindowsStandalone target not found
Refreshing native plugins compatible for Editor in 108.72 ms, found 4 plugins.
Preloading 0 native plugins for Editor in 0.00 ms.
Mono: successfully reloaded assembly
- Completed reload, in  1.272 seconds
Domain Reload Profiling:
	ReloadAssembly (1273ms)
		BeginReloadAssembly (121ms)
			ExecutionOrderSort (0ms)
			DisableScriptedObjects (4ms)
			BackupInstance (0ms)
			ReleaseScriptingObjects (0ms)
			CreateAndSetChildDomain (18ms)
		EndReloadAssembly (1032ms)
			LoadAssemblies (146ms)
			RebuildTransferFunctionScriptingTraits (0ms)
			SetupTypeCache (224ms)
			ReleaseScriptCaches (1ms)
			RebuildScriptCaches (63ms)
			SetupLoadedEditorAssemblies (567ms)
				LogAssemblyErrors (0ms)
				InitializePlatformSupportModulesInManaged (3ms)
				SetLoadedEditorAssemblies (0ms)
				RefreshPlugins (109ms)
				BeforeProcessingInitializeOnLoad (103ms)
				ProcessInitializeOnLoadAttributes (257ms)
				ProcessInitializeOnLoadMethodAttributes (79ms)
				AfterProcessingInitializeOnLoad (16ms)
				EditorAssembliesLoaded (0ms)
			ExecutionOrderSort2 (0ms)
			AwakeInstancesAfterBackupRestoration (9ms)
Platform modules already initialized, skipping
========================================================================
Worker process is ready to serve import requests
Launched and connected shader compiler UnityShaderCompiler.exe after 0.05 seconds
Refreshing native plugins compatible for Editor in 1.00 ms, found 4 plugins.
Preloading 0 native plugins for Editor in 0.00 ms.
Unloading 5846 Unused Serialized files (Serialized files now loaded: 0)
Unloading 68 unused Assets / (2.0 MB). Loaded Objects now: 6289.
Memory consumption went from 230.9 MB to 229.0 MB.
Total: 4.190200 ms (FindLiveObjects: 0.548300 ms CreateObjectMapping: 0.222400 ms MarkObjects: 2.837100 ms  DeleteObjects: 0.580800 ms)

AssetImportParameters requested are different than current active one (requested -> active):
  custom:video-decoder-ogg-theora: a1e56fd34408186e4bbccfd4996cb3dc -> 
  custom:container-muxer-webm: aa71ff27fc2769a1b78a27578f13a17b -> 
  custom:container-demuxer-webm: 4f35f7cbe854078d1ac9338744f61a02 -> 
  custom:video-encoder-webm-vp8: eb34c28f22e8b96e1ab97ce403110664 -> 
  custom:video-codec-MediaFoundation-h265: 746d11721c4dcdbdad8f713fa42b33f4 -> 
  custom:audio-encoder-webm-vorbis: bf7c407c2cedff20999df2af8eb42d56 -> 
  custom:framework-win-MediaFoundation: 216162199b28c13a410421893ffa2e32 -> 
  custom:container-demuxer-ogg: 62fdf1f143b41e24485cea50d1cbac27 -> 
  custom:video-decoder-webm-vp8: 9c59270c3fd7afecdb556c50c9e8de78 -> 
  custom:audio-decoder-ogg-vorbis: bf7c407c2cedff20999df2af8eb42d56 -> 
========================================================================
Received Import Request.
  Time since last request: 943563.754348 seconds.
  path: Assets/Rce_File/Anim/Animation/MainMenu
  artifactKey: Guid(bb6730528da2029458cfcf6f46d4f0b9) Importer(815301076,1909f56bfc062723c751e8b465ee728b)
Start importing Assets/Rce_File/Anim/Animation/MainMenu using Guid(bb6730528da2029458cfcf6f46d4f0b9) Importer(815301076,1909f56bfc062723c751e8b465ee728b)  -> (artifact id: '5effdf1c72a83102befd8c500bdcedea') in 0.014698 seconds 
========================================================================
Received Import Request.
  Time since last request: 6.440894 seconds.
  path: Assets/Rce_File/Anim
  artifactKey: Guid(0af8507f910871047ade7827b3cd72b1) Importer(815301076,1909f56bfc062723c751e8b465ee728b)
Start importing Assets/Rce_File/Anim using Guid(0af8507f910871047ade7827b3cd72b1) Importer(815301076,1909f56bfc062723c751e8b465ee728b)  -> (artifact id: 'f11631e5623b9c2a975d834bda5076b0') in 0.001610 seconds 
========================================================================
Received Import Request.
  Time since last request: 26.719486 seconds.
  path: Assets/Rce_File/Anim/Animation/BeginToPrelude/BeginScene.controller
  artifactKey: Guid(ec1ed68b3c581b6409c4d01864e20be6) Importer(815301076,1909f56bfc062723c751e8b465ee728b)
Start importing Assets/Rce_File/Anim/Animation/BeginToPrelude/BeginScene.controller using Guid(ec1ed68b3c581b6409c4d01864e20be6) Importer(815301076,1909f56bfc062723c751e8b465ee728b)  -> (artifact id: 'a89e70cc780568269c707a1155afecd6') in 0.034940 seconds 
========================================================================
Received Import Request.
  Time since last request: 269.671451 seconds.
  path: Assets/Rce_File/Anim/Animation/BeginToPrelude/BeginScene.anim
  artifactKey: Guid(bc6dd4437f8be1c45adee5aa4842c09a) Importer(815301076,1909f56bfc062723c751e8b465ee728b)
Start importing Assets/Rce_File/Anim/Animation/BeginToPrelude/BeginScene.anim using Guid(bc6dd4437f8be1c45adee5aa4842c09a) Importer(815301076,1909f56bfc062723c751e8b465ee728b)  -> (artifact id: 'aea9ea1ae2940d5ed024c2325eca9e21') in 0.005875 seconds 
========================================================================
Received Import Request.
  Time since last request: 563.355021 seconds.
  path: Assets/Rce_File/Anim/Animator/TimelineTrigger.controller
  artifactKey: Guid(c481c576979250c45b3a7a05f4b3086a) Importer(815301076,1909f56bfc062723c751e8b465ee728b)
Start importing Assets/Rce_File/Anim/Animator/TimelineTrigger.controller using Guid(c481c576979250c45b3a7a05f4b3086a) Importer(815301076,1909f56bfc062723c751e8b465ee728b)  -> (artifact id: '5fa2879fd66a86e78ada1e1cc0e2c4e7') in 0.012381 seconds 
========================================================================
Received Import Request.
  Time since last request: 9.433990 seconds.
  path: Assets/Rce_File/Anim/Animation/BeginToPrelude/BeginScene.anim
  artifactKey: Guid(bc6dd4437f8be1c45adee5aa4842c09a) Importer(815301076,1909f56bfc062723c751e8b465ee728b)
Start importing Assets/Rce_File/Anim/Animation/BeginToPrelude/BeginScene.anim using Guid(bc6dd4437f8be1c45adee5aa4842c09a) Importer(815301076,1909f56bfc062723c751e8b465ee728b)  -> (artifact id: 'a614d78667bd19baabcdc563b5f35d66') in 0.002578 seconds 
========================================================================
Received Import Request.
  Time since last request: 98.121588 seconds.
  path: Assets/Rce_File/Anim/Timeline
  artifactKey: Guid(23f2beddecf09264d8176e2493b3149a) Importer(815301076,1909f56bfc062723c751e8b465ee728b)
Start importing Assets/Rce_File/Anim/Timeline using Guid(23f2beddecf09264d8176e2493b3149a) Importer(815301076,1909f56bfc062723c751e8b465ee728b)  -> (artifact id: 'e8f9d6df67906940e947b5e99f2bafc2') in 0.001485 seconds 
========================================================================
Received Import Request.
  Time since last request: 14.261776 seconds.
  path: Assets/Rce_File/Anim/Timeline/ChangeSceneTimeline.playable
  artifactKey: Guid(fba19b46bb1925b46893b012f0f64989) Importer(815301076,1909f56bfc062723c751e8b465ee728b)
Start importing Assets/Rce_File/Anim/Timeline/ChangeSceneTimeline.playable using Guid(fba19b46bb1925b46893b012f0f64989) Importer(815301076,1909f56bfc062723c751e8b465ee728b)  -> (artifact id: '6dcbc5a991e01e88c2d85b2a60ef4ced') in 0.006411 seconds 
========================================================================
Received Import Request.
  Time since last request: 46.836708 seconds.
  path: Assets/Rce_File/Anim/Animation/BeginToPrelude/BeginScene.controller
  artifactKey: Guid(ec1ed68b3c581b6409c4d01864e20be6) Importer(815301076,1909f56bfc062723c751e8b465ee728b)
Start importing Assets/Rce_File/Anim/Animation/BeginToPrelude/BeginScene.controller using Guid(ec1ed68b3c581b6409c4d01864e20be6) Importer(815301076,1909f56bfc062723c751e8b465ee728b)  -> (artifact id: '59cb44fadfbbb42602168b2ef00a427c') in 0.003105 seconds 
========================================================================
Received Import Request.
  Time since last request: 179.228954 seconds.
  path: Assets/Rce_File
  artifactKey: Guid(d57b42048f163114bbc317fd470733db) Importer(815301076,1909f56bfc062723c751e8b465ee728b)
Start importing Assets/Rce_File using Guid(d57b42048f163114bbc317fd470733db) Importer(815301076,1909f56bfc062723c751e8b465ee728b)  -> (artifact id: '0b1307c14020097066aea12a0fc5f07f') in 0.010065 seconds 
========================================================================
Received Import Request.
  Time since last request: 5.101455 seconds.
  path: Assets/Scenes/BeginScene.unity
  artifactKey: Guid(1df65336f1812d64d8253548223db85c) Importer(815301076,1909f56bfc062723c751e8b465ee728b)
Start importing Assets/Scenes/BeginScene.unity using Guid(1df65336f1812d64d8253548223db85c) Importer(815301076,1909f56bfc062723c751e8b465ee728b)  -> (artifact id: '67f50e27223055e4e7cc9cb0188568cc') in 0.010605 seconds 
========================================================================
Received Import Request.
  Time since last request: 73.914049 seconds.
  path: Assets/Scenes/Prelude.unity
  artifactKey: Guid(ec380ba0b17c3714fa3b10dfb349b77a) Importer(815301076,1909f56bfc062723c751e8b465ee728b)
Start importing Assets/Scenes/Prelude.unity using Guid(ec380ba0b17c3714fa3b10dfb349b77a) Importer(815301076,1909f56bfc062723c751e8b465ee728b)  -> (artifact id: '3925878a71a212ad3930d4d3c2d8a51b') in 0.001877 seconds 
========================================================================
Received Prepare
Registering precompiled user dll's ...
Registered in 0.015586 seconds.
Begin MonoManager ReloadAssembly
Symbol file LoadedFromMemory doesn't match image D:\CUSGA_Branch\New\Library\PackageCache\com.unity.visualscripting@1.7.8\Editor\VisualScripting.Core\Dependencies\YamlDotNet\Unity.VisualScripting.YamlDotNet.dll
Symbol file LoadedFromMemory doesn't match image D:\CUSGA_Branch\New\Library\PackageCache\com.unity.visualscripting@1.7.8\Editor\VisualScripting.Core\Dependencies\DotNetZip\Unity.VisualScripting.IonicZip.dll
Native extension for WindowsStandalone target not found
Refreshing native plugins compatible for Editor in 1.02 ms, found 4 plugins.
Preloading 0 native plugins for Editor in 0.00 ms.
Mono: successfully reloaded assembly
- Completed reload, in  1.159 seconds
Domain Reload Profiling:
	ReloadAssembly (1160ms)
		BeginReloadAssembly (165ms)
			ExecutionOrderSort (0ms)
			DisableScriptedObjects (7ms)
			BackupInstance (0ms)
			ReleaseScriptingObjects (0ms)
			CreateAndSetChildDomain (42ms)
		EndReloadAssembly (881ms)
			LoadAssemblies (134ms)
			RebuildTransferFunctionScriptingTraits (0ms)
			SetupTypeCache (233ms)
			ReleaseScriptCaches (2ms)
			RebuildScriptCaches (47ms)
			SetupLoadedEditorAssemblies (427ms)
				LogAssemblyErrors (0ms)
				InitializePlatformSupportModulesInManaged (19ms)
				SetLoadedEditorAssemblies (0ms)
				RefreshPlugins (1ms)
				BeforeProcessingInitializeOnLoad (86ms)
				ProcessInitializeOnLoadAttributes (226ms)
				ProcessInitializeOnLoadMethodAttributes (80ms)
				AfterProcessingInitializeOnLoad (14ms)
				EditorAssembliesLoaded (0ms)
			ExecutionOrderSort2 (0ms)
			AwakeInstancesAfterBackupRestoration (10ms)
Platform modules already initialized, skipping
Refreshing native plugins compatible for Editor in 4.04 ms, found 4 plugins.
Preloading 0 native plugins for Editor in 0.00 ms.
Unloading 5721 Unused Serialized files (Serialized files now loaded: 0)
Unloading 43 unused Assets / (2.0 MB). Loaded Objects now: 6304.
Memory consumption went from 219.2 MB to 217.2 MB.
Total: 4.571900 ms (FindLiveObjects: 0.331400 ms CreateObjectMapping: 0.196100 ms MarkObjects: 3.572200 ms  DeleteObjects: 0.470500 ms)

AssetImportParameters requested are different than current active one (requested -> active):
  custom:video-decoder-ogg-theora: a1e56fd34408186e4bbccfd4996cb3dc -> 
  custom:container-muxer-webm: aa71ff27fc2769a1b78a27578f13a17b -> 
  custom:container-demuxer-webm: 4f35f7cbe854078d1ac9338744f61a02 -> 
  custom:video-encoder-webm-vp8: eb34c28f22e8b96e1ab97ce403110664 -> 
  custom:video-codec-MediaFoundation-h265: 746d11721c4dcdbdad8f713fa42b33f4 -> 
  custom:audio-encoder-webm-vorbis: bf7c407c2cedff20999df2af8eb42d56 -> 
  custom:framework-win-MediaFoundation: 216162199b28c13a410421893ffa2e32 -> 
  custom:container-demuxer-ogg: 62fdf1f143b41e24485cea50d1cbac27 -> 
  custom:video-decoder-webm-vp8: 9c59270c3fd7afecdb556c50c9e8de78 -> 
  custom:audio-decoder-ogg-vorbis: bf7c407c2cedff20999df2af8eb42d56 -> 
========================================================================
Received Prepare
Registering precompiled user dll's ...
Registered in 0.013295 seconds.
Begin MonoManager ReloadAssembly
Symbol file LoadedFromMemory doesn't match image D:\CUSGA_Branch\New\Library\PackageCache\com.unity.visualscripting@1.7.8\Editor\VisualScripting.Core\Dependencies\YamlDotNet\Unity.VisualScripting.YamlDotNet.dll
Symbol file LoadedFromMemory doesn't match image D:\CUSGA_Branch\New\Library\PackageCache\com.unity.visualscripting@1.7.8\Editor\VisualScripting.Core\Dependencies\DotNetZip\Unity.VisualScripting.IonicZip.dll
Native extension for WindowsStandalone target not found
Refreshing native plugins compatible for Editor in 1.00 ms, found 4 plugins.
Preloading 0 native plugins for Editor in 0.00 ms.
Mono: successfully reloaded assembly
- Completed reload, in  1.105 seconds
Domain Reload Profiling:
	ReloadAssembly (1106ms)
		BeginReloadAssembly (158ms)
			ExecutionOrderSort (0ms)
			DisableScriptedObjects (5ms)
			BackupInstance (0ms)
			ReleaseScriptingObjects (0ms)
			CreateAndSetChildDomain (43ms)
		EndReloadAssembly (846ms)
			LoadAssemblies (133ms)
			RebuildTransferFunctionScriptingTraits (0ms)
			SetupTypeCache (218ms)
			ReleaseScriptCaches (2ms)
			RebuildScriptCaches (45ms)
			SetupLoadedEditorAssemblies (421ms)
				LogAssemblyErrors (0ms)
				InitializePlatformSupportModulesInManaged (18ms)
				SetLoadedEditorAssemblies (0ms)
				RefreshPlugins (1ms)
				BeforeProcessingInitializeOnLoad (89ms)
				ProcessInitializeOnLoadAttributes (211ms)
				ProcessInitializeOnLoadMethodAttributes (84ms)
				AfterProcessingInitializeOnLoad (16ms)
				EditorAssembliesLoaded (0ms)
			ExecutionOrderSort2 (0ms)
			AwakeInstancesAfterBackupRestoration (11ms)
Platform modules already initialized, skipping
Refreshing native plugins compatible for Editor in 3.78 ms, found 4 plugins.
Preloading 0 native plugins for Editor in 0.00 ms.
Unloading 5721 Unused Serialized files (Serialized files now loaded: 0)
Unloading 43 unused Assets / (2.0 MB). Loaded Objects now: 6319.
Memory consumption went from 219.2 MB to 217.3 MB.
Total: 4.121900 ms (FindLiveObjects: 0.740300 ms CreateObjectMapping: 0.472400 ms MarkObjects: 2.440700 ms  DeleteObjects: 0.467600 ms)

AssetImportParameters requested are different than current active one (requested -> active):
  custom:video-decoder-ogg-theora: a1e56fd34408186e4bbccfd4996cb3dc -> 
  custom:container-muxer-webm: aa71ff27fc2769a1b78a27578f13a17b -> 
  custom:container-demuxer-webm: 4f35f7cbe854078d1ac9338744f61a02 -> 
  custom:video-encoder-webm-vp8: eb34c28f22e8b96e1ab97ce403110664 -> 
  custom:video-codec-MediaFoundation-h265: 746d11721c4dcdbdad8f713fa42b33f4 -> 
  custom:audio-encoder-webm-vorbis: bf7c407c2cedff20999df2af8eb42d56 -> 
  custom:framework-win-MediaFoundation: 216162199b28c13a410421893ffa2e32 -> 
  custom:container-demuxer-ogg: 62fdf1f143b41e24485cea50d1cbac27 -> 
  custom:video-decoder-webm-vp8: 9c59270c3fd7afecdb556c50c9e8de78 -> 
  custom:audio-decoder-ogg-vorbis: bf7c407c2cedff20999df2af8eb42d56 -> 
========================================================================
Received Prepare
Registering precompiled user dll's ...
Registered in 0.015558 seconds.
Begin MonoManager ReloadAssembly
Symbol file LoadedFromMemory doesn't match image D:\CUSGA_Branch\New\Library\PackageCache\com.unity.visualscripting@1.7.8\Editor\VisualScripting.Core\Dependencies\YamlDotNet\Unity.VisualScripting.YamlDotNet.dll
Symbol file LoadedFromMemory doesn't match image D:\CUSGA_Branch\New\Library\PackageCache\com.unity.visualscripting@1.7.8\Editor\VisualScripting.Core\Dependencies\DotNetZip\Unity.VisualScripting.IonicZip.dll
Native extension for WindowsStandalone target not found
Refreshing native plugins compatible for Editor in 1.01 ms, found 4 plugins.
Preloading 0 native plugins for Editor in 0.00 ms.
Mono: successfully reloaded assembly
- Completed reload, in  1.188 seconds
Domain Reload Profiling:
	ReloadAssembly (1189ms)
		BeginReloadAssembly (166ms)
			ExecutionOrderSort (0ms)
			DisableScriptedObjects (4ms)
			BackupInstance (0ms)
			ReleaseScriptingObjects (0ms)
			CreateAndSetChildDomain (43ms)
		EndReloadAssembly (905ms)
			LoadAssemblies (138ms)
			RebuildTransferFunctionScriptingTraits (0ms)
			SetupTypeCache (249ms)
			ReleaseScriptCaches (2ms)
			RebuildScriptCaches (50ms)
			SetupLoadedEditorAssemblies (427ms)
				LogAssemblyErrors (0ms)
				InitializePlatformSupportModulesInManaged (11ms)
				SetLoadedEditorAssemblies (0ms)
				RefreshPlugins (1ms)
				BeforeProcessingInitializeOnLoad (96ms)
				ProcessInitializeOnLoadAttributes (223ms)
				ProcessInitializeOnLoadMethodAttributes (78ms)
				AfterProcessingInitializeOnLoad (17ms)
				EditorAssembliesLoaded (0ms)
			ExecutionOrderSort2 (0ms)
			AwakeInstancesAfterBackupRestoration (11ms)
Platform modules already initialized, skipping
Refreshing native plugins compatible for Editor in 4.23 ms, found 4 plugins.
Preloading 0 native plugins for Editor in 0.00 ms.
Unloading 5721 Unused Serialized files (Serialized files now loaded: 0)
Unloading 43 unused Assets / (2.0 MB). Loaded Objects now: 6334.
Memory consumption went from 219.2 MB to 217.3 MB.
Total: 3.766100 ms (FindLiveObjects: 0.380300 ms CreateObjectMapping: 0.204500 ms MarkObjects: 2.766500 ms  DeleteObjects: 0.413600 ms)

AssetImportParameters requested are different than current active one (requested -> active):
  custom:video-decoder-ogg-theora: a1e56fd34408186e4bbccfd4996cb3dc -> 
  custom:container-muxer-webm: aa71ff27fc2769a1b78a27578f13a17b -> 
  custom:container-demuxer-webm: 4f35f7cbe854078d1ac9338744f61a02 -> 
  custom:video-encoder-webm-vp8: eb34c28f22e8b96e1ab97ce403110664 -> 
  custom:video-codec-MediaFoundation-h265: 746d11721c4dcdbdad8f713fa42b33f4 -> 
  custom:audio-encoder-webm-vorbis: bf7c407c2cedff20999df2af8eb42d56 -> 
  custom:framework-win-MediaFoundation: 216162199b28c13a410421893ffa2e32 -> 
  custom:container-demuxer-ogg: 62fdf1f143b41e24485cea50d1cbac27 -> 
  custom:video-decoder-webm-vp8: 9c59270c3fd7afecdb556c50c9e8de78 -> 
  custom:audio-decoder-ogg-vorbis: bf7c407c2cedff20999df2af8eb42d56 -> 
========================================================================
Received Import Request.
  Time since last request: 144.796299 seconds.
  path: Assets/TextMesh Pro
  artifactKey: Guid(f54d1bd14bd3ca042bd867b519fee8cc) Importer(815301076,1909f56bfc062723c751e8b465ee728b)
Start importing Assets/TextMesh Pro using Guid(f54d1bd14bd3ca042bd867b519fee8cc) Importer(815301076,1909f56bfc062723c751e8b465ee728b)  -> (artifact id: 'f5648c5ef36b7beab651a001a8d08867') in 0.008817 seconds 
========================================================================
Received Prepare
Registering precompiled user dll's ...
Registered in 0.018728 seconds.
Begin MonoManager ReloadAssembly
Symbol file LoadedFromMemory doesn't match image D:\CUSGA_Branch\New\Library\PackageCache\com.unity.visualscripting@1.7.8\Editor\VisualScripting.Core\Dependencies\YamlDotNet\Unity.VisualScripting.YamlDotNet.dll
Symbol file LoadedFromMemory doesn't match image D:\CUSGA_Branch\New\Library\PackageCache\com.unity.visualscripting@1.7.8\Editor\VisualScripting.Core\Dependencies\DotNetZip\Unity.VisualScripting.IonicZip.dll
Native extension for WindowsStandalone target not found
Refreshing native plugins compatible for Editor in 0.89 ms, found 4 plugins.
Preloading 0 native plugins for Editor in 0.00 ms.
Mono: successfully reloaded assembly
- Completed reload, in  1.131 seconds
Domain Reload Profiling:
	ReloadAssembly (1132ms)
		BeginReloadAssembly (152ms)
			ExecutionOrderSort (0ms)
			DisableScriptedObjects (5ms)
			BackupInstance (0ms)
			ReleaseScriptingObjects (0ms)
			CreateAndSetChildDomain (39ms)
		EndReloadAssembly (871ms)
			LoadAssemblies (126ms)
			RebuildTransferFunctionScriptingTraits (0ms)
			SetupTypeCache (227ms)
			ReleaseScriptCaches (3ms)
			RebuildScriptCaches (49ms)
			SetupLoadedEditorAssemblies (429ms)
				LogAssemblyErrors (0ms)
				InitializePlatformSupportModulesInManaged (11ms)
				SetLoadedEditorAssemblies (0ms)
				RefreshPlugins (1ms)
				BeforeProcessingInitializeOnLoad (84ms)
				ProcessInitializeOnLoadAttributes (239ms)
				ProcessInitializeOnLoadMethodAttributes (77ms)
				AfterProcessingInitializeOnLoad (15ms)
				EditorAssembliesLoaded (0ms)
			ExecutionOrderSort2 (0ms)
			AwakeInstancesAfterBackupRestoration (9ms)
Platform modules already initialized, skipping
Refreshing native plugins compatible for Editor in 3.96 ms, found 4 plugins.
Preloading 0 native plugins for Editor in 0.00 ms.
Unloading 5721 Unused Serialized files (Serialized files now loaded: 0)
Unloading 43 unused Assets / (2.0 MB). Loaded Objects now: 6349.
Memory consumption went from 219.3 MB to 217.3 MB.
Total: 3.950600 ms (FindLiveObjects: 0.357700 ms CreateObjectMapping: 0.202600 ms MarkObjects: 2.803600 ms  DeleteObjects: 0.585000 ms)

AssetImportParameters requested are different than current active one (requested -> active):
  custom:video-decoder-ogg-theora: a1e56fd34408186e4bbccfd4996cb3dc -> 
  custom:container-muxer-webm: aa71ff27fc2769a1b78a27578f13a17b -> 
  custom:container-demuxer-webm: 4f35f7cbe854078d1ac9338744f61a02 -> 
  custom:video-encoder-webm-vp8: eb34c28f22e8b96e1ab97ce403110664 -> 
  custom:video-codec-MediaFoundation-h265: 746d11721c4dcdbdad8f713fa42b33f4 -> 
  custom:audio-encoder-webm-vorbis: bf7c407c2cedff20999df2af8eb42d56 -> 
  custom:framework-win-MediaFoundation: 216162199b28c13a410421893ffa2e32 -> 
  custom:container-demuxer-ogg: 62fdf1f143b41e24485cea50d1cbac27 -> 
  custom:video-decoder-webm-vp8: 9c59270c3fd7afecdb556c50c9e8de78 -> 
  custom:audio-decoder-ogg-vorbis: bf7c407c2cedff20999df2af8eb42d56 -> 
========================================================================
Received Import Request.
  Time since last request: 99.186489 seconds.
  path: Assets/Rce_File/Inner_C#Script
  artifactKey: Guid(a210b3b798844c242a76934c80bab1fc) Importer(815301076,1909f56bfc062723c751e8b465ee728b)
Start importing Assets/Rce_File/Inner_C#Script using Guid(a210b3b798844c242a76934c80bab1fc) Importer(815301076,1909f56bfc062723c751e8b465ee728b)  -> (artifact id: '45b7c2c47081d3eba2afb30ea6c16b57') in 0.011112 seconds 
========================================================================
Received Import Request.
  Time since last request: 0.258544 seconds.
  path: Assets/Rce_File/Data
  artifactKey: Guid(273e0f8c0cfd015498ad2b83bb39b654) Importer(815301076,1909f56bfc062723c751e8b465ee728b)
Start importing Assets/Rce_File/Data using Guid(273e0f8c0cfd015498ad2b83bb39b654) Importer(815301076,1909f56bfc062723c751e8b465ee728b)  -> (artifact id: '797312e05bf4d25c548134f07a3077f3') in 0.009557 seconds 
========================================================================
Received Import Request.
  Time since last request: 7.311321 seconds.
  path: Assets/Rce_File/Inner_C#Script/EventCenter
  artifactKey: Guid(ab40e3feb4433234fb46c55012f729a9) Importer(815301076,1909f56bfc062723c751e8b465ee728b)
Start importing Assets/Rce_File/Inner_C#Script/EventCenter using Guid(ab40e3feb4433234fb46c55012f729a9) Importer(815301076,1909f56bfc062723c751e8b465ee728b)  -> (artifact id: '5713123a29932a52e7450fcbbd47e0dd') in 0.009555 seconds 
========================================================================
Received Import Request.
  Time since last request: 1.707957 seconds.
  path: Assets/Rce_File/Inner_C#Script/Manager
  artifactKey: Guid(c8f1628a36e4a5d428520bce99d1954c) Importer(815301076,1909f56bfc062723c751e8b465ee728b)
Start importing Assets/Rce_File/Inner_C#Script/Manager using Guid(c8f1628a36e4a5d428520bce99d1954c) Importer(815301076,1909f56bfc062723c751e8b465ee728b)  -> (artifact id: '6d3429e30b0e582afde27593ea3bb681') in 0.009768 seconds 
========================================================================
Received Import Request.
  Time since last request: 3.426560 seconds.
  path: Assets/Rce_File/Inner_C#Script/ScenesChance
  artifactKey: Guid(2c64ea8d8bf83454c8c3e93b79ea00eb) Importer(815301076,1909f56bfc062723c751e8b465ee728b)
Start importing Assets/Rce_File/Inner_C#Script/ScenesChance using Guid(2c64ea8d8bf83454c8c3e93b79ea00eb) Importer(815301076,1909f56bfc062723c751e8b465ee728b)  -> (artifact id: 'd34e4239e73517b4d2c1615c6d2ae614') in 0.009569 seconds 
========================================================================
Received Import Request.
  Time since last request: 0.842032 seconds.
  path: Assets/Rce_File/Inner_C#Script/ScenesChance/Menu.cs
  artifactKey: Guid(9bbea388f16249147a0e6a1e663f1a81) Importer(815301076,1909f56bfc062723c751e8b465ee728b)
Start importing Assets/Rce_File/Inner_C#Script/ScenesChance/Menu.cs using Guid(9bbea388f16249147a0e6a1e663f1a81) Importer(815301076,1909f56bfc062723c751e8b465ee728b)  -> (artifact id: '34f2aa9696165a2bd286f24809b921f1') in 0.017877 seconds 
========================================================================
Received Import Request.
  Time since last request: 0.374599 seconds.
  path: Assets/Rce_File/Inner_C#Script/ScenesChance/ScenesManager.cs
  artifactKey: Guid(6d4314e791910cb4fa2a10e8649d5c85) Importer(815301076,1909f56bfc062723c751e8b465ee728b)
Start importing Assets/Rce_File/Inner_C#Script/ScenesChance/ScenesManager.cs using Guid(6d4314e791910cb4fa2a10e8649d5c85) Importer(815301076,1909f56bfc062723c751e8b465ee728b)  -> (artifact id: 'caf9015651978312189d49eebf510fc3') in 0.001679 seconds 
========================================================================
Received Prepare
Registering precompiled user dll's ...
Registered in 0.014544 seconds.
Begin MonoManager ReloadAssembly
Symbol file LoadedFromMemory doesn't match image D:\CUSGA_Branch\New\Library\PackageCache\com.unity.visualscripting@1.7.8\Editor\VisualScripting.Core\Dependencies\YamlDotNet\Unity.VisualScripting.YamlDotNet.dll
Symbol file LoadedFromMemory doesn't match image D:\CUSGA_Branch\New\Library\PackageCache\com.unity.visualscripting@1.7.8\Editor\VisualScripting.Core\Dependencies\DotNetZip\Unity.VisualScripting.IonicZip.dll
Native extension for WindowsStandalone target not found
Refreshing native plugins compatible for Editor in 1.32 ms, found 4 plugins.
Preloading 0 native plugins for Editor in 0.00 ms.
Mono: successfully reloaded assembly
- Completed reload, in  1.163 seconds
Domain Reload Profiling:
	ReloadAssembly (1164ms)
		BeginReloadAssembly (156ms)
			ExecutionOrderSort (0ms)
			DisableScriptedObjects (5ms)
			BackupInstance (0ms)
			ReleaseScriptingObjects (0ms)
			CreateAndSetChildDomain (43ms)
		EndReloadAssembly (900ms)
			LoadAssemblies (121ms)
			RebuildTransferFunctionScriptingTraits (0ms)
			SetupTypeCache (245ms)
			ReleaseScriptCaches (2ms)
			RebuildScriptCaches (52ms)
			SetupLoadedEditorAssemblies (434ms)
				LogAssemblyErrors (0ms)
				InitializePlatformSupportModulesInManaged (11ms)
				SetLoadedEditorAssemblies (0ms)
				RefreshPlugins (1ms)
				BeforeProcessingInitializeOnLoad (97ms)
				ProcessInitializeOnLoadAttributes (225ms)
				ProcessInitializeOnLoadMethodAttributes (83ms)
				AfterProcessingInitializeOnLoad (15ms)
				EditorAssembliesLoaded (0ms)
			ExecutionOrderSort2 (0ms)
			AwakeInstancesAfterBackupRestoration (10ms)
Platform modules already initialized, skipping
Refreshing native plugins compatible for Editor in 3.88 ms, found 4 plugins.
Preloading 0 native plugins for Editor in 0.00 ms.
Unloading 5721 Unused Serialized files (Serialized files now loaded: 0)
Unloading 43 unused Assets / (2.0 MB). Loaded Objects now: 6364.
Memory consumption went from 219.3 MB to 217.3 MB.
Total: 3.796300 ms (FindLiveObjects: 0.386200 ms CreateObjectMapping: 0.205100 ms MarkObjects: 2.599700 ms  DeleteObjects: 0.603500 ms)

AssetImportParameters requested are different than current active one (requested -> active):
  custom:video-decoder-ogg-theora: a1e56fd34408186e4bbccfd4996cb3dc -> 
  custom:container-muxer-webm: aa71ff27fc2769a1b78a27578f13a17b -> 
  custom:container-demuxer-webm: 4f35f7cbe854078d1ac9338744f61a02 -> 
  custom:video-encoder-webm-vp8: eb34c28f22e8b96e1ab97ce403110664 -> 
  custom:video-codec-MediaFoundation-h265: 746d11721c4dcdbdad8f713fa42b33f4 -> 
  custom:audio-encoder-webm-vorbis: bf7c407c2cedff20999df2af8eb42d56 -> 
  custom:framework-win-MediaFoundation: 216162199b28c13a410421893ffa2e32 -> 
  custom:container-demuxer-ogg: 62fdf1f143b41e24485cea50d1cbac27 -> 
  custom:video-decoder-webm-vp8: 9c59270c3fd7afecdb556c50c9e8de78 -> 
  custom:audio-decoder-ogg-vorbis: bf7c407c2cedff20999df2af8eb42d56 -> 
========================================================================
Received Prepare
Registering precompiled user dll's ...
Registered in 0.018990 seconds.
Begin MonoManager ReloadAssembly
Symbol file LoadedFromMemory doesn't match image D:\CUSGA_Branch\New\Library\PackageCache\com.unity.visualscripting@1.7.8\Editor\VisualScripting.Core\Dependencies\YamlDotNet\Unity.VisualScripting.YamlDotNet.dll
Symbol file LoadedFromMemory doesn't match image D:\CUSGA_Branch\New\Library\PackageCache\com.unity.visualscripting@1.7.8\Editor\VisualScripting.Core\Dependencies\DotNetZip\Unity.VisualScripting.IonicZip.dll
Native extension for WindowsStandalone target not found
Refreshing native plugins compatible for Editor in 1.01 ms, found 4 plugins.
Preloading 0 native plugins for Editor in 0.00 ms.
Mono: successfully reloaded assembly
- Completed reload, in  1.153 seconds
Domain Reload Profiling:
	ReloadAssembly (1154ms)
		BeginReloadAssembly (157ms)
			ExecutionOrderSort (0ms)
			DisableScriptedObjects (4ms)
			BackupInstance (0ms)
			ReleaseScriptingObjects (0ms)
			CreateAndSetChildDomain (37ms)
		EndReloadAssembly (878ms)
			LoadAssemblies (134ms)
			RebuildTransferFunctionScriptingTraits (0ms)
			SetupTypeCache (237ms)
			ReleaseScriptCaches (3ms)
			RebuildScriptCaches (51ms)
			SetupLoadedEditorAssemblies (422ms)
				LogAssemblyErrors (0ms)
				InitializePlatformSupportModulesInManaged (10ms)
				SetLoadedEditorAssemblies (0ms)
				RefreshPlugins (1ms)
				BeforeProcessingInitializeOnLoad (91ms)
				ProcessInitializeOnLoadAttributes (224ms)
				ProcessInitializeOnLoadMethodAttributes (78ms)
				AfterProcessingInitializeOnLoad (17ms)
				EditorAssembliesLoaded (0ms)
			ExecutionOrderSort2 (0ms)
			AwakeInstancesAfterBackupRestoration (12ms)
Platform modules already initialized, skipping
Refreshing native plugins compatible for Editor in 4.48 ms, found 4 plugins.
Preloading 0 native plugins for Editor in 0.00 ms.
Unloading 5721 Unused Serialized files (Serialized files now loaded: 0)
Unloading 43 unused Assets / (2.0 MB). Loaded Objects now: 6379.
Memory consumption went from 219.3 MB to 217.3 MB.
Total: 3.881200 ms (FindLiveObjects: 0.408500 ms CreateObjectMapping: 0.397000 ms MarkObjects: 2.626500 ms  DeleteObjects: 0.447700 ms)

AssetImportParameters requested are different than current active one (requested -> active):
  custom:video-decoder-ogg-theora: a1e56fd34408186e4bbccfd4996cb3dc -> 
  custom:container-muxer-webm: aa71ff27fc2769a1b78a27578f13a17b -> 
  custom:container-demuxer-webm: 4f35f7cbe854078d1ac9338744f61a02 -> 
  custom:video-encoder-webm-vp8: eb34c28f22e8b96e1ab97ce403110664 -> 
  custom:video-codec-MediaFoundation-h265: 746d11721c4dcdbdad8f713fa42b33f4 -> 
  custom:audio-encoder-webm-vorbis: bf7c407c2cedff20999df2af8eb42d56 -> 
  custom:framework-win-MediaFoundation: 216162199b28c13a410421893ffa2e32 -> 
  custom:container-demuxer-ogg: 62fdf1f143b41e24485cea50d1cbac27 -> 
  custom:video-decoder-webm-vp8: 9c59270c3fd7afecdb556c50c9e8de78 -> 
  custom:audio-decoder-ogg-vorbis: bf7c407c2cedff20999df2af8eb42d56 -> 
========================================================================
Received Prepare
Registering precompiled user dll's ...
Registered in 0.014490 seconds.
Begin MonoManager ReloadAssembly
Symbol file LoadedFromMemory doesn't match image D:\CUSGA_Branch\New\Library\PackageCache\com.unity.visualscripting@1.7.8\Editor\VisualScripting.Core\Dependencies\YamlDotNet\Unity.VisualScripting.YamlDotNet.dll
Symbol file LoadedFromMemory doesn't match image D:\CUSGA_Branch\New\Library\PackageCache\com.unity.visualscripting@1.7.8\Editor\VisualScripting.Core\Dependencies\DotNetZip\Unity.VisualScripting.IonicZip.dll
Native extension for WindowsStandalone target not found
Refreshing native plugins compatible for Editor in 0.99 ms, found 4 plugins.
Preloading 0 native plugins for Editor in 0.00 ms.
Mono: successfully reloaded assembly
- Completed reload, in  1.080 seconds
Domain Reload Profiling:
	ReloadAssembly (1080ms)
		BeginReloadAssembly (147ms)
			ExecutionOrderSort (0ms)
			DisableScriptedObjects (5ms)
			BackupInstance (0ms)
			ReleaseScriptingObjects (0ms)
			CreateAndSetChildDomain (34ms)
		EndReloadAssembly (842ms)
			LoadAssemblies (124ms)
			RebuildTransferFunctionScriptingTraits (0ms)
			SetupTypeCache (232ms)
			ReleaseScriptCaches (2ms)
			RebuildScriptCaches (52ms)
			SetupLoadedEditorAssemblies (405ms)
				LogAssemblyErrors (0ms)
				InitializePlatformSupportModulesInManaged (13ms)
				SetLoadedEditorAssemblies (0ms)
				RefreshPlugins (1ms)
				BeforeProcessingInitializeOnLoad (82ms)
				ProcessInitializeOnLoadAttributes (216ms)
				ProcessInitializeOnLoadMethodAttributes (78ms)
				AfterProcessingInitializeOnLoad (14ms)
				EditorAssembliesLoaded (0ms)
			ExecutionOrderSort2 (0ms)
			AwakeInstancesAfterBackupRestoration (9ms)
Platform modules already initialized, skipping
Refreshing native plugins compatible for Editor in 3.75 ms, found 4 plugins.
Preloading 0 native plugins for Editor in 0.00 ms.
Unloading 5721 Unused Serialized files (Serialized files now loaded: 0)
Unloading 43 unused Assets / (2.0 MB). Loaded Objects now: 6394.
Memory consumption went from 219.3 MB to 217.4 MB.
Total: 4.249700 ms (FindLiveObjects: 0.430100 ms CreateObjectMapping: 0.246300 ms MarkObjects: 3.124500 ms  DeleteObjects: 0.447600 ms)

AssetImportParameters requested are different than current active one (requested -> active):
  custom:video-decoder-ogg-theora: a1e56fd34408186e4bbccfd4996cb3dc -> 
  custom:container-muxer-webm: aa71ff27fc2769a1b78a27578f13a17b -> 
  custom:container-demuxer-webm: 4f35f7cbe854078d1ac9338744f61a02 -> 
  custom:video-encoder-webm-vp8: eb34c28f22e8b96e1ab97ce403110664 -> 
  custom:video-codec-MediaFoundation-h265: 746d11721c4dcdbdad8f713fa42b33f4 -> 
  custom:audio-encoder-webm-vorbis: bf7c407c2cedff20999df2af8eb42d56 -> 
  custom:framework-win-MediaFoundation: 216162199b28c13a410421893ffa2e32 -> 
  custom:container-demuxer-ogg: 62fdf1f143b41e24485cea50d1cbac27 -> 
  custom:video-decoder-webm-vp8: 9c59270c3fd7afecdb556c50c9e8de78 -> 
  custom:audio-decoder-ogg-vorbis: bf7c407c2cedff20999df2af8eb42d56 -> 
========================================================================
Received Prepare
Registering precompiled user dll's ...
Registered in 0.013468 seconds.
Begin MonoManager ReloadAssembly
Symbol file LoadedFromMemory doesn't match image D:\CUSGA_Branch\New\Library\PackageCache\com.unity.visualscripting@1.7.8\Editor\VisualScripting.Core\Dependencies\YamlDotNet\Unity.VisualScripting.YamlDotNet.dll
Symbol file LoadedFromMemory doesn't match image D:\CUSGA_Branch\New\Library\PackageCache\com.unity.visualscripting@1.7.8\Editor\VisualScripting.Core\Dependencies\DotNetZip\Unity.VisualScripting.IonicZip.dll
Native extension for WindowsStandalone target not found
Refreshing native plugins compatible for Editor in 1.01 ms, found 4 plugins.
Preloading 0 native plugins for Editor in 0.00 ms.
Mono: successfully reloaded assembly
- Completed reload, in  1.047 seconds
Domain Reload Profiling:
	ReloadAssembly (1047ms)
		BeginReloadAssembly (140ms)
			ExecutionOrderSort (0ms)
			DisableScriptedObjects (5ms)
			BackupInstance (0ms)
			ReleaseScriptingObjects (0ms)
			CreateAndSetChildDomain (33ms)
		EndReloadAssembly (816ms)
			LoadAssemblies (117ms)
			RebuildTransferFunctionScriptingTraits (0ms)
			SetupTypeCache (237ms)
			ReleaseScriptCaches (2ms)
			RebuildScriptCaches (43ms)
			SetupLoadedEditorAssemblies (390ms)
				LogAssemblyErrors (0ms)
				InitializePlatformSupportModulesInManaged (9ms)
				SetLoadedEditorAssemblies (0ms)
				RefreshPlugins (1ms)
				BeforeProcessingInitializeOnLoad (86ms)
				ProcessInitializeOnLoadAttributes (210ms)
				ProcessInitializeOnLoadMethodAttributes (73ms)
				AfterProcessingInitializeOnLoad (11ms)
				EditorAssembliesLoaded (0ms)
			ExecutionOrderSort2 (0ms)
			AwakeInstancesAfterBackupRestoration (9ms)
Platform modules already initialized, skipping
Refreshing native plugins compatible for Editor in 3.43 ms, found 4 plugins.
Preloading 0 native plugins for Editor in 0.00 ms.
Unloading 5721 Unused Serialized files (Serialized files now loaded: 0)
Unloading 43 unused Assets / (2.0 MB). Loaded Objects now: 6409.
Memory consumption went from 219.3 MB to 217.4 MB.
Total: 3.450000 ms (FindLiveObjects: 0.400900 ms CreateObjectMapping: 0.222000 ms MarkObjects: 2.412200 ms  DeleteObjects: 0.413400 ms)

AssetImportParameters requested are different than current active one (requested -> active):
  custom:video-decoder-ogg-theora: a1e56fd34408186e4bbccfd4996cb3dc -> 
  custom:container-muxer-webm: aa71ff27fc2769a1b78a27578f13a17b -> 
  custom:container-demuxer-webm: 4f35f7cbe854078d1ac9338744f61a02 -> 
  custom:video-encoder-webm-vp8: eb34c28f22e8b96e1ab97ce403110664 -> 
  custom:video-codec-MediaFoundation-h265: 746d11721c4dcdbdad8f713fa42b33f4 -> 
  custom:audio-encoder-webm-vorbis: bf7c407c2cedff20999df2af8eb42d56 -> 
  custom:framework-win-MediaFoundation: 216162199b28c13a410421893ffa2e32 -> 
  custom:container-demuxer-ogg: 62fdf1f143b41e24485cea50d1cbac27 -> 
  custom:video-decoder-webm-vp8: 9c59270c3fd7afecdb556c50c9e8de78 -> 
  custom:audio-decoder-ogg-vorbis: bf7c407c2cedff20999df2af8eb42d56 -> 
========================================================================
Received Prepare
Registering precompiled user dll's ...
Registered in 0.015314 seconds.
Begin MonoManager ReloadAssembly
Symbol file LoadedFromMemory doesn't match image D:\CUSGA_Branch\New\Library\PackageCache\com.unity.visualscripting@1.7.8\Editor\VisualScripting.Core\Dependencies\YamlDotNet\Unity.VisualScripting.YamlDotNet.dll
Symbol file LoadedFromMemory doesn't match image D:\CUSGA_Branch\New\Library\PackageCache\com.unity.visualscripting@1.7.8\Editor\VisualScripting.Core\Dependencies\DotNetZip\Unity.VisualScripting.IonicZip.dll
Native extension for WindowsStandalone target not found
Refreshing native plugins compatible for Editor in 0.85 ms, found 4 plugins.
Preloading 0 native plugins for Editor in 0.00 ms.
Mono: successfully reloaded assembly
- Completed reload, in  1.156 seconds
Domain Reload Profiling:
	ReloadAssembly (1156ms)
		BeginReloadAssembly (168ms)
			ExecutionOrderSort (0ms)
			DisableScriptedObjects (5ms)
			BackupInstance (0ms)
			ReleaseScriptingObjects (0ms)
			CreateAndSetChildDomain (39ms)
		EndReloadAssembly (845ms)
			LoadAssemblies (153ms)
			RebuildTransferFunctionScriptingTraits (0ms)
			SetupTypeCache (216ms)
			ReleaseScriptCaches (2ms)
			RebuildScriptCaches (43ms)
			SetupLoadedEditorAssemblies (410ms)
				LogAssemblyErrors (0ms)
				InitializePlatformSupportModulesInManaged (9ms)
				SetLoadedEditorAssemblies (0ms)
				RefreshPlugins (1ms)
				BeforeProcessingInitializeOnLoad (84ms)
				ProcessInitializeOnLoadAttributes (212ms)
				ProcessInitializeOnLoadMethodAttributes (88ms)
				AfterProcessingInitializeOnLoad (15ms)
				EditorAssembliesLoaded (0ms)
			ExecutionOrderSort2 (0ms)
			AwakeInstancesAfterBackupRestoration (9ms)
Platform modules already initialized, skipping
Refreshing native plugins compatible for Editor in 3.25 ms, found 4 plugins.
Preloading 0 native plugins for Editor in 0.00 ms.
Unloading 5721 Unused Serialized files (Serialized files now loaded: 0)
Unloading 43 unused Assets / (2.0 MB). Loaded Objects now: 6424.
Memory consumption went from 219.3 MB to 217.4 MB.
Total: 3.564300 ms (FindLiveObjects: 0.390300 ms CreateObjectMapping: 0.196000 ms MarkObjects: 2.475300 ms  DeleteObjects: 0.501800 ms)

AssetImportParameters requested are different than current active one (requested -> active):
  custom:video-decoder-ogg-theora: a1e56fd34408186e4bbccfd4996cb3dc -> 
  custom:container-muxer-webm: aa71ff27fc2769a1b78a27578f13a17b -> 
  custom:container-demuxer-webm: 4f35f7cbe854078d1ac9338744f61a02 -> 
  custom:video-encoder-webm-vp8: eb34c28f22e8b96e1ab97ce403110664 -> 
  custom:video-codec-MediaFoundation-h265: 746d11721c4dcdbdad8f713fa42b33f4 -> 
  custom:audio-encoder-webm-vorbis: bf7c407c2cedff20999df2af8eb42d56 -> 
  custom:framework-win-MediaFoundation: 216162199b28c13a410421893ffa2e32 -> 
  custom:container-demuxer-ogg: 62fdf1f143b41e24485cea50d1cbac27 -> 
  custom:video-decoder-webm-vp8: 9c59270c3fd7afecdb556c50c9e8de78 -> 
  custom:audio-decoder-ogg-vorbis: bf7c407c2cedff20999df2af8eb42d56 -> 
========================================================================
Received Prepare
Refreshing native plugins compatible for Editor in 8.91 ms, found 4 plugins.
Preloading 0 native plugins for Editor in 0.00 ms.
Unloading 43 Unused Serialized files (Serialized files now loaded: 0)
Unloading 43 unused Assets / (1.9 MB). Loaded Objects now: 6424.
Memory consumption went from 105.4 MB to 103.4 MB.
Total: 3.437500 ms (FindLiveObjects: 0.371000 ms CreateObjectMapping: 0.207300 ms MarkObjects: 2.398300 ms  DeleteObjects: 0.459700 ms)

AssetImportParameters requested are different than current active one (requested -> active):
  custom:video-decoder-ogg-theora: a1e56fd34408186e4bbccfd4996cb3dc -> 
  custom:container-muxer-webm: aa71ff27fc2769a1b78a27578f13a17b -> 
  custom:container-demuxer-webm: 4f35f7cbe854078d1ac9338744f61a02 -> 
  custom:video-encoder-webm-vp8: eb34c28f22e8b96e1ab97ce403110664 -> 
  custom:video-codec-MediaFoundation-h265: 746d11721c4dcdbdad8f713fa42b33f4 -> 
  custom:audio-encoder-webm-vorbis: bf7c407c2cedff20999df2af8eb42d56 -> 
  custom:framework-win-MediaFoundation: 216162199b28c13a410421893ffa2e32 -> 
  custom:container-demuxer-ogg: 62fdf1f143b41e24485cea50d1cbac27 -> 
  custom:video-decoder-webm-vp8: 9c59270c3fd7afecdb556c50c9e8de78 -> 
  custom:audio-decoder-ogg-vorbis: bf7c407c2cedff20999df2af8eb42d56 -> 
========================================================================
Received Import Request.
  Time since last request: 341.714621 seconds.
  path: Assets/Scenes/BeginScene.unity
  artifactKey: Guid(1df65336f1812d64d8253548223db85c) Importer(815301076,1909f56bfc062723c751e8b465ee728b)
Start importing Assets/Scenes/BeginScene.unity using Guid(1df65336f1812d64d8253548223db85c) Importer(815301076,1909f56bfc062723c751e8b465ee728b)  -> (artifact id: '590c98511bfd649776c5f14bdc27a710') in 0.003071 seconds 
========================================================================
Received Import Request.
  Time since last request: 3.772555 seconds.
  path: Assets/Art
  artifactKey: Guid(6b45ce1d25d4f2548bd4fd92a9eb5e72) Importer(815301076,1909f56bfc062723c751e8b465ee728b)
Start importing Assets/Art using Guid(6b45ce1d25d4f2548bd4fd92a9eb5e72) Importer(815301076,1909f56bfc062723c751e8b465ee728b)  -> (artifact id: 'c1ad83e5ae87b9b150a2786fc391d54d') in 0.001687 seconds 
========================================================================
Received Import Request.
  Time since last request: 0.240285 seconds.
  path: Assets/Art_test
  artifactKey: Guid(bbde5088abe83de4a8cf9cb01a646da3) Importer(815301076,1909f56bfc062723c751e8b465ee728b)
Start importing Assets/Art_test using Guid(bbde5088abe83de4a8cf9cb01a646da3) Importer(815301076,1909f56bfc062723c751e8b465ee728b)  -> (artifact id: 'f09a9b74c690ff239a883647ec29daa3') in 0.002395 seconds 
========================================================================
Received Import Request.
  Time since last request: 238.157881 seconds.
  path: Assets/Art/level2
  artifactKey: Guid(19d832d671633ba448ec9a3ef9249cac) Importer(815301076,1909f56bfc062723c751e8b465ee728b)
Start importing Assets/Art/level2 using Guid(19d832d671633ba448ec9a3ef9249cac) Importer(815301076,1909f56bfc062723c751e8b465ee728b)  -> (artifact id: 'cd4a33ca819a63f684872af8f341a7d2') in 0.001744 seconds 
========================================================================
Received Import Request.
  Time since last request: 5.626869 seconds.
  path: Assets/Art/level2/Effect
  artifactKey: Guid(a0faaf52b3f15414d9a846723f2206b1) Importer(815301076,1909f56bfc062723c751e8b465ee728b)
Start importing Assets/Art/level2/Effect using Guid(a0faaf52b3f15414d9a846723f2206b1) Importer(815301076,1909f56bfc062723c751e8b465ee728b)  -> (artifact id: '5a50e6795461b20158bf398242de87e8') in 0.001476 seconds 
========================================================================
Received Import Request.
  Time since last request: 63.143128 seconds.
  path: Assets/Light
  artifactKey: Guid(273a40f8ab52c8a4fa3a83d382dc08fd) Importer(815301076,1909f56bfc062723c751e8b465ee728b)
Start importing Assets/Light using Guid(273a40f8ab52c8a4fa3a83d382dc08fd) Importer(815301076,1909f56bfc062723c751e8b465ee728b)  -> (artifact id: '449f59d401e4b4b5aead9a0a14fdc15a') in 0.001575 seconds 
========================================================================
Received Import Request.
  Time since last request: 0.620556 seconds.
  path: Assets/Rce_File/Anim/Animation/BeginToPrelude/BeginScene.anim
  artifactKey: Guid(bc6dd4437f8be1c45adee5aa4842c09a) Importer(815301076,1909f56bfc062723c751e8b465ee728b)
Start importing Assets/Rce_File/Anim/Animation/BeginToPrelude/BeginScene.anim using Guid(bc6dd4437f8be1c45adee5aa4842c09a) Importer(815301076,1909f56bfc062723c751e8b465ee728b)  -> (artifact id: 'ed73d449cd5819d52c0b9b1ab3d66f4a') in 0.017084 seconds 
========================================================================
Received Import Request.
  Time since last request: 37.552269 seconds.
  path: Assets/Rce_File/Anim/Animation/BeginToPrelude/DownEffect.anim
  artifactKey: Guid(2d06fb8092b18b64984ecfa36c3c2417) Importer(815301076,1909f56bfc062723c751e8b465ee728b)
Start importing Assets/Rce_File/Anim/Animation/BeginToPrelude/DownEffect.anim using Guid(2d06fb8092b18b64984ecfa36c3c2417) Importer(815301076,1909f56bfc062723c751e8b465ee728b)  -> (artifact id: 'b7206a105b4ae74ef2e0ce2b72620635') in 0.002208 seconds 
========================================================================
Received Import Request.
  Time since last request: 38.349226 seconds.
  path: Assets/Rce_File/Anim/Timeline/MenuTimeline.playable
  artifactKey: Guid(c302157203ed16c4e9a3e1a4dd311c4c) Importer(815301076,1909f56bfc062723c751e8b465ee728b)
Start importing Assets/Rce_File/Anim/Timeline/MenuTimeline.playable using Guid(c302157203ed16c4e9a3e1a4dd311c4c) Importer(815301076,1909f56bfc062723c751e8b465ee728b)  -> (artifact id: 'c6314d7d544fd6e55046d1624fdd298c') in 0.006151 seconds 
========================================================================
Received Import Request.
  Time since last request: 1.291168 seconds.
  path: Assets/Rce_File/Anim/Timeline/DownEffect.playable
  artifactKey: Guid(97cca7adac245f341b02f0583e6e3bec) Importer(815301076,1909f56bfc062723c751e8b465ee728b)
Start importing Assets/Rce_File/Anim/Timeline/DownEffect.playable using Guid(97cca7adac245f341b02f0583e6e3bec) Importer(815301076,1909f56bfc062723c751e8b465ee728b)  -> (artifact id: 'e483c5a5c1ce25c0bdc2f4a18fa3195e') in 0.002300 seconds 
========================================================================
Received Import Request.
  Time since last request: 28.873777 seconds.
  path: Assets/Rce_File/Anim/Animation/BackState.anim
  artifactKey: Guid(dfc35223cf0713f4c80cbce07b87230c) Importer(815301076,1909f56bfc062723c751e8b465ee728b)
Start importing Assets/Rce_File/Anim/Animation/BackState.anim using Guid(dfc35223cf0713f4c80cbce07b87230c) Importer(815301076,1909f56bfc062723c751e8b465ee728b)  -> (artifact id: '92e23308a1be5bd665dbf2d1e41ed132') in 0.002555 seconds 
========================================================================
Received Import Request.
  Time since last request: 87.570943 seconds.
  path: Assets/Art/level2/Effect/LevelBackGround_01.png
  artifactKey: Guid(9bc9f58fbf110b0438000665a38bc9bc) Importer(815301076,1909f56bfc062723c751e8b465ee728b)
Start importing Assets/Art/level2/Effect/LevelBackGround_01.png using Guid(9bc9f58fbf110b0438000665a38bc9bc) Importer(815301076,1909f56bfc062723c751e8b465ee728b)  -> (artifact id: '204c43fc2f291ec8e7fa199fcaf18e78') in 0.086461 seconds 
========================================================================
Received Import Request.
  Time since last request: 620.784728 seconds.
  path: Assets/Rce_File/Prefab
  artifactKey: Guid(07a7e6f3316f5e04fbc3b045ccc18be5) Importer(815301076,1909f56bfc062723c751e8b465ee728b)
Start importing Assets/Rce_File/Prefab using Guid(07a7e6f3316f5e04fbc3b045ccc18be5) Importer(815301076,1909f56bfc062723c751e8b465ee728b)  -> (artifact id: '6a7171c6a895a7cce090525764ba2127') in 0.001875 seconds 
========================================================================
Received Import Request.
  Time since last request: 5.585100 seconds.
  path: Assets/Rce_File/Prefab/Effect
  artifactKey: Guid(ea2081099eb771b4e8ee2e7020c0058f) Importer(815301076,1909f56bfc062723c751e8b465ee728b)
Start importing Assets/Rce_File/Prefab/Effect using Guid(ea2081099eb771b4e8ee2e7020c0058f) Importer(815301076,1909f56bfc062723c751e8b465ee728b)  -> (artifact id: '504b44e2ae2f6a2886e5100aa6d63dc4') in 0.001760 seconds 
========================================================================
Received Import Request.
  Time since last request: 57.832264 seconds.
  path: Assets/Rce_File/Prefab/Effect/DownEffect.prefab
  artifactKey: Guid(12c143808ed59424f9b441218adde9a7) Importer(815301076,1909f56bfc062723c751e8b465ee728b)
Start importing Assets/Rce_File/Prefab/Effect/DownEffect.prefab using Guid(12c143808ed59424f9b441218adde9a7) Importer(815301076,1909f56bfc062723c751e8b465ee728b)  -> (artifact id: '4fcf183f5dd91e0c211d54d8f653e030') in 0.021061 seconds 
========================================================================
Received Import Request.
  Time since last request: 380.566665 seconds.
  path: Assets/Scenes/BeginScene.unity
  artifactKey: Guid(1df65336f1812d64d8253548223db85c) Importer(815301076,1909f56bfc062723c751e8b465ee728b)
Start importing Assets/Scenes/BeginScene.unity using Guid(1df65336f1812d64d8253548223db85c) Importer(815301076,1909f56bfc062723c751e8b465ee728b)  -> (artifact id: 'c04d1caaa21ca6f4caa56cc22a7bac78') in 0.001643 seconds 
========================================================================
Received Prepare
Registering precompiled user dll's ...
Registered in 0.021264 seconds.
Begin MonoManager ReloadAssembly
Symbol file LoadedFromMemory doesn't match image D:\CUSGA_Branch\New\Library\PackageCache\com.unity.visualscripting@1.7.8\Editor\VisualScripting.Core\Dependencies\YamlDotNet\Unity.VisualScripting.YamlDotNet.dll
Symbol file LoadedFromMemory doesn't match image D:\CUSGA_Branch\New\Library\PackageCache\com.unity.visualscripting@1.7.8\Editor\VisualScripting.Core\Dependencies\DotNetZip\Unity.VisualScripting.IonicZip.dll
Native extension for WindowsStandalone target not found
Refreshing native plugins compatible for Editor in 1.17 ms, found 4 plugins.
Preloading 0 native plugins for Editor in 0.00 ms.
Mono: successfully reloaded assembly
- Completed reload, in  1.205 seconds
Domain Reload Profiling:
	ReloadAssembly (1206ms)
		BeginReloadAssembly (158ms)
			ExecutionOrderSort (0ms)
			DisableScriptedObjects (7ms)
			BackupInstance (0ms)
			ReleaseScriptingObjects (0ms)
			CreateAndSetChildDomain (39ms)
		EndReloadAssembly (933ms)
			LoadAssemblies (134ms)
			RebuildTransferFunctionScriptingTraits (0ms)
			SetupTypeCache (248ms)
			ReleaseScriptCaches (2ms)
			RebuildScriptCaches (55ms)
			SetupLoadedEditorAssemblies (450ms)
				LogAssemblyErrors (0ms)
				InitializePlatformSupportModulesInManaged (10ms)
				SetLoadedEditorAssemblies (0ms)
				RefreshPlugins (1ms)
				BeforeProcessingInitializeOnLoad (101ms)
				ProcessInitializeOnLoadAttributes (234ms)
				ProcessInitializeOnLoadMethodAttributes (88ms)
				AfterProcessingInitializeOnLoad (16ms)
				EditorAssembliesLoaded (0ms)
			ExecutionOrderSort2 (0ms)
			AwakeInstancesAfterBackupRestoration (11ms)
Platform modules already initialized, skipping
Refreshing native plugins compatible for Editor in 3.53 ms, found 4 plugins.
Preloading 0 native plugins for Editor in 0.00 ms.
Unloading 5721 Unused Serialized files (Serialized files now loaded: 0)
Unloading 43 unused Assets / (2.0 MB). Loaded Objects now: 6445.
Memory consumption went from 223.4 MB to 221.5 MB.
Total: 3.796900 ms (FindLiveObjects: 0.362300 ms CreateObjectMapping: 0.203600 ms MarkObjects: 2.844100 ms  DeleteObjects: 0.385600 ms)

AssetImportParameters requested are different than current active one (requested -> active):
  custom:video-decoder-ogg-theora: a1e56fd34408186e4bbccfd4996cb3dc -> 
  custom:container-muxer-webm: aa71ff27fc2769a1b78a27578f13a17b -> 
  custom:container-demuxer-webm: 4f35f7cbe854078d1ac9338744f61a02 -> 
  custom:video-encoder-webm-vp8: eb34c28f22e8b96e1ab97ce403110664 -> 
  custom:video-codec-MediaFoundation-h265: 746d11721c4dcdbdad8f713fa42b33f4 -> 
  custom:audio-encoder-webm-vorbis: bf7c407c2cedff20999df2af8eb42d56 -> 
  custom:framework-win-MediaFoundation: 216162199b28c13a410421893ffa2e32 -> 
  custom:container-demuxer-ogg: 62fdf1f143b41e24485cea50d1cbac27 -> 
  custom:video-decoder-webm-vp8: 9c59270c3fd7afecdb556c50c9e8de78 -> 
  custom:audio-decoder-ogg-vorbis: bf7c407c2cedff20999df2af8eb42d56 -> 
========================================================================
Received Prepare
Registering precompiled user dll's ...
Registered in 0.014661 seconds.
Begin MonoManager ReloadAssembly
Symbol file LoadedFromMemory doesn't match image D:\CUSGA_Branch\New\Library\PackageCache\com.unity.visualscripting@1.7.8\Editor\VisualScripting.Core\Dependencies\YamlDotNet\Unity.VisualScripting.YamlDotNet.dll
Symbol file LoadedFromMemory doesn't match image D:\CUSGA_Branch\New\Library\PackageCache\com.unity.visualscripting@1.7.8\Editor\VisualScripting.Core\Dependencies\DotNetZip\Unity.VisualScripting.IonicZip.dll
Native extension for WindowsStandalone target not found
Refreshing native plugins compatible for Editor in 0.90 ms, found 4 plugins.
Preloading 0 native plugins for Editor in 0.00 ms.
Mono: successfully reloaded assembly
- Completed reload, in  1.207 seconds
Domain Reload Profiling:
	ReloadAssembly (1208ms)
		BeginReloadAssembly (169ms)
			ExecutionOrderSort (0ms)
			DisableScriptedObjects (5ms)
			BackupInstance (0ms)
			ReleaseScriptingObjects (0ms)
			CreateAndSetChildDomain (44ms)
		EndReloadAssembly (922ms)
			LoadAssemblies (145ms)
			RebuildTransferFunctionScriptingTraits (0ms)
			SetupTypeCache (245ms)
			ReleaseScriptCaches (3ms)
			RebuildScriptCaches (54ms)
			SetupLoadedEditorAssemblies (435ms)
				LogAssemblyErrors (0ms)
				InitializePlatformSupportModulesInManaged (13ms)
				SetLoadedEditorAssemblies (0ms)
				RefreshPlugins (1ms)
				BeforeProcessingInitializeOnLoad (91ms)
				ProcessInitializeOnLoadAttributes (230ms)
				ProcessInitializeOnLoadMethodAttributes (81ms)
				AfterProcessingInitializeOnLoad (18ms)
				EditorAssembliesLoaded (0ms)
			ExecutionOrderSort2 (0ms)
			AwakeInstancesAfterBackupRestoration (13ms)
Platform modules already initialized, skipping
Refreshing native plugins compatible for Editor in 4.80 ms, found 4 plugins.
Preloading 0 native plugins for Editor in 0.00 ms.
Unloading 5721 Unused Serialized files (Serialized files now loaded: 0)
Unloading 43 unused Assets / (2.0 MB). Loaded Objects now: 6460.
Memory consumption went from 223.4 MB to 221.5 MB.
Total: 3.810500 ms (FindLiveObjects: 0.391600 ms CreateObjectMapping: 0.205700 ms MarkObjects: 2.768500 ms  DeleteObjects: 0.443400 ms)

AssetImportParameters requested are different than current active one (requested -> active):
  custom:video-decoder-ogg-theora: a1e56fd34408186e4bbccfd4996cb3dc -> 
  custom:container-muxer-webm: aa71ff27fc2769a1b78a27578f13a17b -> 
  custom:container-demuxer-webm: 4f35f7cbe854078d1ac9338744f61a02 -> 
  custom:video-encoder-webm-vp8: eb34c28f22e8b96e1ab97ce403110664 -> 
  custom:video-codec-MediaFoundation-h265: 746d11721c4dcdbdad8f713fa42b33f4 -> 
  custom:audio-encoder-webm-vorbis: bf7c407c2cedff20999df2af8eb42d56 -> 
  custom:framework-win-MediaFoundation: 216162199b28c13a410421893ffa2e32 -> 
  custom:container-demuxer-ogg: 62fdf1f143b41e24485cea50d1cbac27 -> 
  custom:video-decoder-webm-vp8: 9c59270c3fd7afecdb556c50c9e8de78 -> 
  custom:audio-decoder-ogg-vorbis: bf7c407c2cedff20999df2af8eb42d56 -> 
========================================================================
Received Import Request.
  Time since last request: 1178.416008 seconds.
  path: Assets/Scenes/BeginScene.unity
  artifactKey: Guid(1df65336f1812d64d8253548223db85c) Importer(815301076,1909f56bfc062723c751e8b465ee728b)
Start importing Assets/Scenes/BeginScene.unity using Guid(1df65336f1812d64d8253548223db85c) Importer(815301076,1909f56bfc062723c751e8b465ee728b)  -> (artifact id: 'dbdbe0417dffc982cd2b5370f9e9bcf2') in 0.012878 seconds 
========================================================================
Received Import Request.
  Time since last request: 6.617074 seconds.
  path: Assets/Scenes/Level1.unity
  artifactKey: Guid(2cda990e2423bbf4892e6590ba056729) Importer(815301076,1909f56bfc062723c751e8b465ee728b)
Start importing Assets/Scenes/Level1.unity using Guid(2cda990e2423bbf4892e6590ba056729) Importer(815301076,1909f56bfc062723c751e8b465ee728b)  -> (artifact id: 'f69876b590c6cbe8d268a2be95343337') in 0.001448 seconds 
========================================================================
Received Prepare
Registering precompiled user dll's ...
Registered in 0.017609 seconds.
Begin MonoManager ReloadAssembly
Symbol file LoadedFromMemory doesn't match image D:\CUSGA_Branch\New\Library\PackageCache\com.unity.visualscripting@1.7.8\Editor\VisualScripting.Core\Dependencies\YamlDotNet\Unity.VisualScripting.YamlDotNet.dll
Symbol file LoadedFromMemory doesn't match image D:\CUSGA_Branch\New\Library\PackageCache\com.unity.visualscripting@1.7.8\Editor\VisualScripting.Core\Dependencies\DotNetZip\Unity.VisualScripting.IonicZip.dll
Native extension for WindowsStandalone target not found
Refreshing native plugins compatible for Editor in 0.95 ms, found 4 plugins.
Preloading 0 native plugins for Editor in 0.00 ms.
Mono: successfully reloaded assembly
- Completed reload, in  1.119 seconds
Domain Reload Profiling:
	ReloadAssembly (1120ms)
		BeginReloadAssembly (156ms)
			ExecutionOrderSort (0ms)
			DisableScriptedObjects (5ms)
			BackupInstance (0ms)
			ReleaseScriptingObjects (0ms)
			CreateAndSetChildDomain (37ms)
		EndReloadAssembly (855ms)
			LoadAssemblies (133ms)
			RebuildTransferFunctionScriptingTraits (0ms)
			SetupTypeCache (246ms)
			ReleaseScriptCaches (3ms)
			RebuildScriptCaches (50ms)
			SetupLoadedEditorAssemblies (394ms)
				LogAssemblyErrors (0ms)
				InitializePlatformSupportModulesInManaged (10ms)
				SetLoadedEditorAssemblies (0ms)
				RefreshPlugins (1ms)
				BeforeProcessingInitializeOnLoad (97ms)
				ProcessInitializeOnLoadAttributes (202ms)
				ProcessInitializeOnLoadMethodAttributes (71ms)
				AfterProcessingInitializeOnLoad (13ms)
				EditorAssembliesLoaded (0ms)
			ExecutionOrderSort2 (0ms)
			AwakeInstancesAfterBackupRestoration (10ms)
Platform modules already initialized, skipping
Refreshing native plugins compatible for Editor in 3.48 ms, found 4 plugins.
Preloading 0 native plugins for Editor in 0.00 ms.
Unloading 5721 Unused Serialized files (Serialized files now loaded: 0)
Unloading 43 unused Assets / (2.0 MB). Loaded Objects now: 6475.
Memory consumption went from 223.5 MB to 221.5 MB.
Total: 4.262700 ms (FindLiveObjects: 0.350000 ms CreateObjectMapping: 0.206300 ms MarkObjects: 3.291500 ms  DeleteObjects: 0.413700 ms)

AssetImportParameters requested are different than current active one (requested -> active):
  custom:video-decoder-ogg-theora: a1e56fd34408186e4bbccfd4996cb3dc -> 
  custom:container-muxer-webm: aa71ff27fc2769a1b78a27578f13a17b -> 
  custom:container-demuxer-webm: 4f35f7cbe854078d1ac9338744f61a02 -> 
  custom:video-encoder-webm-vp8: eb34c28f22e8b96e1ab97ce403110664 -> 
  custom:video-codec-MediaFoundation-h265: 746d11721c4dcdbdad8f713fa42b33f4 -> 
  custom:audio-encoder-webm-vorbis: bf7c407c2cedff20999df2af8eb42d56 -> 
  custom:framework-win-MediaFoundation: 216162199b28c13a410421893ffa2e32 -> 
  custom:container-demuxer-ogg: 62fdf1f143b41e24485cea50d1cbac27 -> 
  custom:video-decoder-webm-vp8: 9c59270c3fd7afecdb556c50c9e8de78 -> 
  custom:audio-decoder-ogg-vorbis: bf7c407c2cedff20999df2af8eb42d56 -> 
========================================================================
Received Prepare
Registering precompiled user dll's ...
Registered in 0.016560 seconds.
Begin MonoManager ReloadAssembly
Symbol file LoadedFromMemory doesn't match image D:\CUSGA_Branch\New\Library\PackageCache\com.unity.visualscripting@1.7.8\Editor\VisualScripting.Core\Dependencies\YamlDotNet\Unity.VisualScripting.YamlDotNet.dll
Symbol file LoadedFromMemory doesn't match image D:\CUSGA_Branch\New\Library\PackageCache\com.unity.visualscripting@1.7.8\Editor\VisualScripting.Core\Dependencies\DotNetZip\Unity.VisualScripting.IonicZip.dll
Native extension for WindowsStandalone target not found
Refreshing native plugins compatible for Editor in 1.04 ms, found 4 plugins.
Preloading 0 native plugins for Editor in 0.00 ms.
Mono: successfully reloaded assembly
- Completed reload, in  1.183 seconds
Domain Reload Profiling:
	ReloadAssembly (1184ms)
		BeginReloadAssembly (159ms)
			ExecutionOrderSort (0ms)
			DisableScriptedObjects (5ms)
			BackupInstance (0ms)
			ReleaseScriptingObjects (0ms)
			CreateAndSetChildDomain (37ms)
		EndReloadAssembly (914ms)
			LoadAssemblies (129ms)
			RebuildTransferFunctionScriptingTraits (0ms)
			SetupTypeCache (242ms)
			ReleaseScriptCaches (2ms)
			RebuildScriptCaches (57ms)
			SetupLoadedEditorAssemblies (435ms)
				LogAssemblyErrors (0ms)
				InitializePlatformSupportModulesInManaged (11ms)
				SetLoadedEditorAssemblies (1ms)
				RefreshPlugins (1ms)
				BeforeProcessingInitializeOnLoad (91ms)
				ProcessInitializeOnLoadAttributes (232ms)
				ProcessInitializeOnLoadMethodAttributes (83ms)
				AfterProcessingInitializeOnLoad (17ms)
				EditorAssembliesLoaded (0ms)
			ExecutionOrderSort2 (0ms)
			AwakeInstancesAfterBackupRestoration (13ms)
Platform modules already initialized, skipping
Refreshing native plugins compatible for Editor in 3.77 ms, found 4 plugins.
Preloading 0 native plugins for Editor in 0.00 ms.
Unloading 5721 Unused Serialized files (Serialized files now loaded: 0)
Unloading 43 unused Assets / (2.0 MB). Loaded Objects now: 6490.
Memory consumption went from 223.5 MB to 221.5 MB.
Total: 3.659100 ms (FindLiveObjects: 0.397500 ms CreateObjectMapping: 0.289200 ms MarkObjects: 2.555300 ms  DeleteObjects: 0.415400 ms)

AssetImportParameters requested are different than current active one (requested -> active):
  custom:video-decoder-ogg-theora: a1e56fd34408186e4bbccfd4996cb3dc -> 
  custom:container-muxer-webm: aa71ff27fc2769a1b78a27578f13a17b -> 
  custom:container-demuxer-webm: 4f35f7cbe854078d1ac9338744f61a02 -> 
  custom:video-encoder-webm-vp8: eb34c28f22e8b96e1ab97ce403110664 -> 
  custom:video-codec-MediaFoundation-h265: 746d11721c4dcdbdad8f713fa42b33f4 -> 
  custom:audio-encoder-webm-vorbis: bf7c407c2cedff20999df2af8eb42d56 -> 
  custom:framework-win-MediaFoundation: 216162199b28c13a410421893ffa2e32 -> 
  custom:container-demuxer-ogg: 62fdf1f143b41e24485cea50d1cbac27 -> 
  custom:video-decoder-webm-vp8: 9c59270c3fd7afecdb556c50c9e8de78 -> 
  custom:audio-decoder-ogg-vorbis: bf7c407c2cedff20999df2af8eb42d56 -> 
========================================================================
Received Prepare
Refreshing native plugins compatible for Editor in 9.26 ms, found 4 plugins.
Preloading 0 native plugins for Editor in 0.00 ms.
Unloading 43 Unused Serialized files (Serialized files now loaded: 0)
Unloading 43 unused Assets / (1.9 MB). Loaded Objects now: 6490.
Memory consumption went from 109.5 MB to 107.6 MB.
Total: 3.485600 ms (FindLiveObjects: 0.370300 ms CreateObjectMapping: 0.214400 ms MarkObjects: 2.401000 ms  DeleteObjects: 0.499100 ms)

AssetImportParameters requested are different than current active one (requested -> active):
  custom:video-decoder-ogg-theora: a1e56fd34408186e4bbccfd4996cb3dc -> 
  custom:container-muxer-webm: aa71ff27fc2769a1b78a27578f13a17b -> 
  custom:container-demuxer-webm: 4f35f7cbe854078d1ac9338744f61a02 -> 
  custom:video-encoder-webm-vp8: eb34c28f22e8b96e1ab97ce403110664 -> 
  custom:video-codec-MediaFoundation-h265: 746d11721c4dcdbdad8f713fa42b33f4 -> 
  custom:audio-encoder-webm-vorbis: bf7c407c2cedff20999df2af8eb42d56 -> 
  custom:framework-win-MediaFoundation: 216162199b28c13a410421893ffa2e32 -> 
  custom:container-demuxer-ogg: 62fdf1f143b41e24485cea50d1cbac27 -> 
  custom:video-decoder-webm-vp8: 9c59270c3fd7afecdb556c50c9e8de78 -> 
  custom:audio-decoder-ogg-vorbis: bf7c407c2cedff20999df2af8eb42d56 -> 
========================================================================
Received Import Request.
  Time since last request: 569.264891 seconds.
  path: Assets/Rce_File/Anim/Timeline/ChangeSceneTimeline.playable
  artifactKey: Guid(fba19b46bb1925b46893b012f0f64989) Importer(815301076,1909f56bfc062723c751e8b465ee728b)
Start importing Assets/Rce_File/Anim/Timeline/ChangeSceneTimeline.playable using Guid(fba19b46bb1925b46893b012f0f64989) Importer(815301076,1909f56bfc062723c751e8b465ee728b)  -> (artifact id: '374da4a38548ca014b7bec904b66c4bd') in 0.020300 seconds 
========================================================================
Received Prepare
Registering precompiled user dll's ...
Registered in 0.018890 seconds.
Begin MonoManager ReloadAssembly
Symbol file LoadedFromMemory doesn't match image D:\CUSGA_Branch\New\Library\PackageCache\com.unity.visualscripting@1.7.8\Editor\VisualScripting.Core\Dependencies\YamlDotNet\Unity.VisualScripting.YamlDotNet.dll
Symbol file LoadedFromMemory doesn't match image D:\CUSGA_Branch\New\Library\PackageCache\com.unity.visualscripting@1.7.8\Editor\VisualScripting.Core\Dependencies\DotNetZip\Unity.VisualScripting.IonicZip.dll
Native extension for WindowsStandalone target not found
Refreshing native plugins compatible for Editor in 1.33 ms, found 4 plugins.
Preloading 0 native plugins for Editor in 0.00 ms.
Mono: successfully reloaded assembly
- Completed reload, in  1.181 seconds
Domain Reload Profiling:
	ReloadAssembly (1182ms)
		BeginReloadAssembly (165ms)
			ExecutionOrderSort (0ms)
			DisableScriptedObjects (5ms)
			BackupInstance (0ms)
			ReleaseScriptingObjects (0ms)
			CreateAndSetChildDomain (47ms)
		EndReloadAssembly (898ms)
			LoadAssemblies (131ms)
			RebuildTransferFunctionScriptingTraits (0ms)
			SetupTypeCache (238ms)
			ReleaseScriptCaches (2ms)
			RebuildScriptCaches (53ms)
			SetupLoadedEditorAssemblies (437ms)
				LogAssemblyErrors (0ms)
				InitializePlatformSupportModulesInManaged (11ms)
				SetLoadedEditorAssemblies (0ms)
				RefreshPlugins (1ms)
				BeforeProcessingInitializeOnLoad (95ms)
				ProcessInitializeOnLoadAttributes (229ms)
				ProcessInitializeOnLoadMethodAttributes (83ms)
				AfterProcessingInitializeOnLoad (16ms)
				EditorAssembliesLoaded (0ms)
			ExecutionOrderSort2 (0ms)
			AwakeInstancesAfterBackupRestoration (11ms)
Platform modules already initialized, skipping
Refreshing native plugins compatible for Editor in 3.45 ms, found 4 plugins.
Preloading 0 native plugins for Editor in 0.00 ms.
Unloading 5721 Unused Serialized files (Serialized files now loaded: 0)
Unloading 43 unused Assets / (2.0 MB). Loaded Objects now: 6505.
Memory consumption went from 223.5 MB to 221.6 MB.
Total: 3.505700 ms (FindLiveObjects: 0.374200 ms CreateObjectMapping: 0.211900 ms MarkObjects: 2.456800 ms  DeleteObjects: 0.461600 ms)

AssetImportParameters requested are different than current active one (requested -> active):
  custom:video-decoder-ogg-theora: a1e56fd34408186e4bbccfd4996cb3dc -> 
  custom:container-muxer-webm: aa71ff27fc2769a1b78a27578f13a17b -> 
  custom:container-demuxer-webm: 4f35f7cbe854078d1ac9338744f61a02 -> 
  custom:video-encoder-webm-vp8: eb34c28f22e8b96e1ab97ce403110664 -> 
  custom:video-codec-MediaFoundation-h265: 746d11721c4dcdbdad8f713fa42b33f4 -> 
  custom:audio-encoder-webm-vorbis: bf7c407c2cedff20999df2af8eb42d56 -> 
  custom:framework-win-MediaFoundation: 216162199b28c13a410421893ffa2e32 -> 
  custom:container-demuxer-ogg: 62fdf1f143b41e24485cea50d1cbac27 -> 
  custom:video-decoder-webm-vp8: 9c59270c3fd7afecdb556c50c9e8de78 -> 
  custom:audio-decoder-ogg-vorbis: bf7c407c2cedff20999df2af8eb42d56 -> 
========================================================================
Received Import Request.
  Time since last request: 213.300655 seconds.
  path: Assets/Scenes/BeginScene.unity
  artifactKey: Guid(1df65336f1812d64d8253548223db85c) Importer(815301076,1909f56bfc062723c751e8b465ee728b)
Start importing Assets/Scenes/BeginScene.unity using Guid(1df65336f1812d64d8253548223db85c) Importer(815301076,1909f56bfc062723c751e8b465ee728b)  -> (artifact id: '5675da412e93b9fdad516d109b0543ed') in 0.008677 seconds 
========================================================================
Received Import Request.
  Time since last request: 252.268667 seconds.
  path: Assets/Art/level1/UI
  artifactKey: Guid(ed1ec740ff36fed40b693fc77644dbe5) Importer(815301076,1909f56bfc062723c751e8b465ee728b)
Start importing Assets/Art/level1/UI using Guid(ed1ec740ff36fed40b693fc77644dbe5) Importer(815301076,1909f56bfc062723c751e8b465ee728b)  -> (artifact id: 'e90f1f4473995ff7aeb84576937e72f4') in 0.003094 seconds 
========================================================================
Received Import Request.
  Time since last request: 1.807384 seconds.
  path: Assets/Art/level1
  artifactKey: Guid(e037e2c26937e8a4486a9194eaad4572) Importer(815301076,1909f56bfc062723c751e8b465ee728b)
Start importing Assets/Art/level1 using Guid(e037e2c26937e8a4486a9194eaad4572) Importer(815301076,1909f56bfc062723c751e8b465ee728b)  -> (artifact id: '916593b13dbd9a977c795ed86f3ce38e') in 0.001517 seconds 
========================================================================
Received Import Request.
  Time since last request: 11.846755 seconds.
  path: Assets/Art/level1/level1
  artifactKey: Guid(cf612b33d6e7dfd4db46eaf1161192c6) Importer(815301076,1909f56bfc062723c751e8b465ee728b)
Start importing Assets/Art/level1/level1 using Guid(cf612b33d6e7dfd4db46eaf1161192c6) Importer(815301076,1909f56bfc062723c751e8b465ee728b)  -> (artifact id: '334c65421173f96d23522c2dd5d6c39e') in 0.001440 seconds 
========================================================================
Received Import Request.
  Time since last request: 7.025823 seconds.
  path: Assets/Art/level1/level1Effect
  artifactKey: Guid(cf612b33d6e7dfd4db46eaf1161192c6) Importer(815301076,1909f56bfc062723c751e8b465ee728b)
Start importing Assets/Art/level1/level1Effect using Guid(cf612b33d6e7dfd4db46eaf1161192c6) Importer(815301076,1909f56bfc062723c751e8b465ee728b)  -> (artifact id: '87f329b57bc7df96ccba91f6bedc1838') in 0.001799 seconds 
========================================================================
Received Import Request.
  Time since last request: 148.602355 seconds.
  path: Assets/Art/level1/level1Effect/Level1_01.png
  artifactKey: Guid(74bb311ece00297449d7dacb56586091) Importer(815301076,1909f56bfc062723c751e8b465ee728b)
Start importing Assets/Art/level1/level1Effect/Level1_01.png using Guid(74bb311ece00297449d7dacb56586091) Importer(815301076,1909f56bfc062723c751e8b465ee728b)  -> (artifact id: '69fd383a612741e8fd90a489b1657a90') in 0.063513 seconds 
========================================================================
Received Import Request.
  Time since last request: 65.323261 seconds.
  path: Assets/Rce_File/Anim/Timeline/TreeTimeline.playable
  artifactKey: Guid(ff85d827f05a84444abeb1a4f9afd4d3) Importer(815301076,1909f56bfc062723c751e8b465ee728b)
Start importing Assets/Rce_File/Anim/Timeline/TreeTimeline.playable using Guid(ff85d827f05a84444abeb1a4f9afd4d3) Importer(815301076,1909f56bfc062723c751e8b465ee728b)  -> (artifact id: 'fb71633d7802fa2a9ff6f1ff8c1a7f6c') in 0.008042 seconds 
========================================================================
Received Import Request.
  Time since last request: 0.431050 seconds.
  path: Assets/Rce_File/Anim/Timeline/PoleTimeline.playable
  artifactKey: Guid(1f52f3a45e33d2842bfb32cf2c3387a8) Importer(815301076,1909f56bfc062723c751e8b465ee728b)
Start importing Assets/Rce_File/Anim/Timeline/PoleTimeline.playable using Guid(1f52f3a45e33d2842bfb32cf2c3387a8) Importer(815301076,1909f56bfc062723c751e8b465ee728b)  -> (artifact id: '25accfb88e34020010354a47e3502138') in 0.003501 seconds 
========================================================================
Received Import Request.
  Time since last request: 0.379916 seconds.
  path: Assets/Rce_File/Anim/Timeline/PlayerBack.playable
  artifactKey: Guid(618368eafd6e685469c5478c7072bcf7) Importer(815301076,1909f56bfc062723c751e8b465ee728b)
Start importing Assets/Rce_File/Anim/Timeline/PlayerBack.playable using Guid(618368eafd6e685469c5478c7072bcf7) Importer(815301076,1909f56bfc062723c751e8b465ee728b)  -> (artifact id: '5115e39de278e7ac7cdd48f8f68920ff') in 0.003176 seconds 
========================================================================
Received Import Request.
  Time since last request: 0.867224 seconds.
  path: Assets/Rce_File/Anim/Timeline/Level2End1.playable
  artifactKey: Guid(a4026ee0ac5ddb0428e39a33d2030140) Importer(815301076,1909f56bfc062723c751e8b465ee728b)
Start importing Assets/Rce_File/Anim/Timeline/Level2End1.playable using Guid(a4026ee0ac5ddb0428e39a33d2030140) Importer(815301076,1909f56bfc062723c751e8b465ee728b)  -> (artifact id: '6b62d2b380d5a147695f9e2fc882bcc9') in 0.003818 seconds 
========================================================================
Received Import Request.
  Time since last request: 0.299983 seconds.
  path: Assets/Rce_File/Anim/Timeline/GaussionTimeline.playable
  artifactKey: Guid(efd2df2115daf8a4fbeb062277a6523c) Importer(815301076,1909f56bfc062723c751e8b465ee728b)
Start importing Assets/Rce_File/Anim/Timeline/GaussionTimeline.playable using Guid(efd2df2115daf8a4fbeb062277a6523c) Importer(815301076,1909f56bfc062723c751e8b465ee728b)  -> (artifact id: '28dede430c5064a9110d85e7944b97fd') in 0.003196 seconds 
========================================================================
Received Import Request.
  Time since last request: 0.266347 seconds.
  path: Assets/Rce_File/Anim/Timeline/FishingRodTimeline.playable
  artifactKey: Guid(96565b36ed714b64f9e305595574c91a) Importer(815301076,1909f56bfc062723c751e8b465ee728b)
Start importing Assets/Rce_File/Anim/Timeline/FishingRodTimeline.playable using Guid(96565b36ed714b64f9e305595574c91a) Importer(815301076,1909f56bfc062723c751e8b465ee728b)  -> (artifact id: '82c0a8d31a8707681371e74be7feea38') in 0.003135 seconds 
========================================================================
Received Import Request.
  Time since last request: 0.282125 seconds.
  path: Assets/Rce_File/Anim/Timeline/DownEffect.playable
  artifactKey: Guid(97cca7adac245f341b02f0583e6e3bec) Importer(815301076,1909f56bfc062723c751e8b465ee728b)
Start importing Assets/Rce_File/Anim/Timeline/DownEffect.playable using Guid(97cca7adac245f341b02f0583e6e3bec) Importer(815301076,1909f56bfc062723c751e8b465ee728b)  -> (artifact id: '7d7136647f730f1069b73cb9dbedc727') in 0.004241 seconds 
========================================================================
Received Import Request.
  Time since last request: 354.916940 seconds.
  path: Assets/Art/level1/level1Effect/Level1_02.png
  artifactKey: Guid(53eeb2668f0c2d94a9b6fca585c3c9cb) Importer(815301076,1909f56bfc062723c751e8b465ee728b)
Start importing Assets/Art/level1/level1Effect/Level1_02.png using Guid(53eeb2668f0c2d94a9b6fca585c3c9cb) Importer(815301076,1909f56bfc062723c751e8b465ee728b)  -> (artifact id: 'd9b77ffaaa79b7c35d076325697623a8') in 0.037477 seconds 
========================================================================
Received Import Request.
  Time since last request: 0.000053 seconds.
  path: Assets/Art/level1/level1Effect/Level1_07.png
  artifactKey: Guid(3b3158a7044f39c49a6da51bb8c88914) Importer(815301076,1909f56bfc062723c751e8b465ee728b)
Start importing Assets/Art/level1/level1Effect/Level1_07.png using Guid(3b3158a7044f39c49a6da51bb8c88914) Importer(815301076,1909f56bfc062723c751e8b465ee728b)  -> (artifact id: 'f9f0db1a50a79c3e0b6686a4bfcc24b5') in 0.031134 seconds 
========================================================================
Received Import Request.
  Time since last request: 0.000027 seconds.
  path: Assets/Art/level1/level1Effect/Level1_06.png
  artifactKey: Guid(2ed35d0de984fc74b9c5bf6e9e93f725) Importer(815301076,1909f56bfc062723c751e8b465ee728b)
Start importing Assets/Art/level1/level1Effect/Level1_06.png using Guid(2ed35d0de984fc74b9c5bf6e9e93f725) Importer(815301076,1909f56bfc062723c751e8b465ee728b)  -> (artifact id: 'dba0e53b7dba3b50c7ab652486e964b8') in 0.034602 seconds 
========================================================================
Received Import Request.
  Time since last request: 0.000024 seconds.
  path: Assets/Art/level2/Effect/LevelBackGround_04.png
  artifactKey: Guid(74fd8b16dcc44f44fb1e72cd334091c8) Importer(815301076,1909f56bfc062723c751e8b465ee728b)
Start importing Assets/Art/level2/Effect/LevelBackGround_04.png using Guid(74fd8b16dcc44f44fb1e72cd334091c8) Importer(815301076,1909f56bfc062723c751e8b465ee728b)  -> (artifact id: 'd6ebb6685010d18dd432358e3fa809a0') in 0.031329 seconds 
========================================================================
Received Import Request.
  Time since last request: 0.000035 seconds.
  path: Assets/Art/level2/Effect/LevelBackGround_03.png
  artifactKey: Guid(bce7337d2e9fb2045bb3d6451710357b) Importer(815301076,1909f56bfc062723c751e8b465ee728b)
Start importing Assets/Art/level2/Effect/LevelBackGround_03.png using Guid(bce7337d2e9fb2045bb3d6451710357b) Importer(815301076,1909f56bfc062723c751e8b465ee728b)  -> (artifact id: 'bfb280e43d53c83ea2175be94edb4ad1') in 0.027124 seconds 
========================================================================
Received Import Request.
  Time since last request: 0.000041 seconds.
  path: Assets/Art/level1/level1Effect/Level1_05.png
  artifactKey: Guid(edaf383bba553634388d42fbfcd34d16) Importer(815301076,1909f56bfc062723c751e8b465ee728b)
Start importing Assets/Art/level1/level1Effect/Level1_05.png using Guid(edaf383bba553634388d42fbfcd34d16) Importer(815301076,1909f56bfc062723c751e8b465ee728b)  -> (artifact id: '6a5365b1ee29dd95de6d5911d0b4aa69') in 0.023951 seconds 
========================================================================
Received Import Request.
  Time since last request: 0.000030 seconds.
  path: Assets/Art/level2/Effect/LevelBackGround_10.png
  artifactKey: Guid(a47f2aa66e2ff00419fd62195c7d7b54) Importer(815301076,1909f56bfc062723c751e8b465ee728b)
Start importing Assets/Art/level2/Effect/LevelBackGround_10.png using Guid(a47f2aa66e2ff00419fd62195c7d7b54) Importer(815301076,1909f56bfc062723c751e8b465ee728b)  -> (artifact id: 'c9aa219659fb5f8227873bdca568c797') in 0.024293 seconds 
========================================================================
Received Import Request.
  Time since last request: 0.000039 seconds.
  path: Assets/Art/level2/Effect/LevelBackGround_02.png
  artifactKey: Guid(84ce618347a12e042ab1d74c9bc7b423) Importer(815301076,1909f56bfc062723c751e8b465ee728b)
Start importing Assets/Art/level2/Effect/LevelBackGround_02.png using Guid(84ce618347a12e042ab1d74c9bc7b423) Importer(815301076,1909f56bfc062723c751e8b465ee728b)  -> (artifact id: '2e9659f23db64448ca9f4c61bebe9a11') in 0.033087 seconds 
========================================================================
Received Import Request.
  Time since last request: 0.000032 seconds.
  path: Assets/Art/level1/level1Effect/Level1_08.png
  artifactKey: Guid(4b04753989d11204686804f76a1b7a30) Importer(815301076,1909f56bfc062723c751e8b465ee728b)
Start importing Assets/Art/level1/level1Effect/Level1_08.png using Guid(4b04753989d11204686804f76a1b7a30) Importer(815301076,1909f56bfc062723c751e8b465ee728b)  -> (artifact id: 'c3e260b13e726c9221bb0699f0a433e7') in 0.026320 seconds 
========================================================================
Received Import Request.
  Time since last request: 0.000023 seconds.
  path: Assets/Art/level2/Effect/LevelBackGround_08.png
  artifactKey: Guid(af41683da95dc824ca9446c77bf30bf7) Importer(815301076,1909f56bfc062723c751e8b465ee728b)
Start importing Assets/Art/level2/Effect/LevelBackGround_08.png using Guid(af41683da95dc824ca9446c77bf30bf7) Importer(815301076,1909f56bfc062723c751e8b465ee728b)  -> (artifact id: 'e10026071dcb7a3a28fbfea0d382204b') in 0.026799 seconds 
========================================================================
Received Import Request.
  Time since last request: 0.000031 seconds.
  path: Assets/Art/level2/Effect/LevelBackGround_07.png
  artifactKey: Guid(c0b816fbae1cb1d4ab49e6f502249d53) Importer(815301076,1909f56bfc062723c751e8b465ee728b)
Start importing Assets/Art/level2/Effect/LevelBackGround_07.png using Guid(c0b816fbae1cb1d4ab49e6f502249d53) Importer(815301076,1909f56bfc062723c751e8b465ee728b)  -> (artifact id: 'cc6cd33b35af32508036eeabf1e1db02') in 0.025163 seconds 
Editor requested this worker to shutdown with reason: Scaling down because of idle timeout
AssetImportWorker is now disconnected from the server
Process exiting
Exiting without the bug reporter. Application will terminate with return code 0